<?xml version="1.0" encoding="UTF-8"?>
<testsuite xmlns:xsi="http://www.w3.org/2001/XMLSchema-instance" xsi:noNamespaceSchemaLocation="https://maven.apache.org/surefire/maven-surefire-plugin/xsd/surefire-test-report.xsd" version="3.0.2" name="TestSuite" time="34.528" tests="2" errors="0" skipped="0" failures="0">
  <properties>
    <property name="java.specification.version" value="21"/>
    <property name="webdriver.chrome.driver" value="C:\Users\kalpesh.deore\.cache\selenium\chromedriver\win64\138.0.7204.183\chromedriver.exe"/>
    <property name="sun.cpu.isalist" value="amd64"/>
    <property name="sun.jnu.encoding" value="Cp1252"/>
    <property name="java.class.path" value="C:\Users\kalpesh.deore\eclipse-workspace\rspl_Automation\rspl_qa_training_certification_r-d\target\test-classes;C:\Users\kalpesh.deore\eclipse-workspace\rspl_Automation\rspl_qa_training_certification_r-d\target\classes;C:\Users\kalpesh.deore\.m2\repository\org\seleniumhq\selenium\selenium-java\4.11.0\selenium-java-4.11.0.jar;C:\Users\kalpesh.deore\.m2\repository\org\seleniumhq\selenium\selenium-api\4.11.0\selenium-api-4.11.0.jar;C:\Users\kalpesh.deore\.m2\repository\org\seleniumhq\selenium\selenium-chrome-driver\4.11.0\selenium-chrome-driver-4.11.0.jar;C:\Users\kalpesh.deore\.m2\repository\com\google\auto\service\auto-service-annotations\1.0.1\auto-service-annotations-1.0.1.jar;C:\Users\kalpesh.deore\.m2\repository\com\google\guava\guava\31.1-jre\guava-31.1-jre.jar;C:\Users\kalpesh.deore\.m2\repository\com\google\guava\failureaccess\1.0.1\failureaccess-1.0.1.jar;C:\Users\kalpesh.deore\.m2\repository\com\google\guava\listenablefuture\9999.0-empty-to-avoid-conflict-with-guava\listenablefuture-9999.0-empty-to-avoid-conflict-with-guava.jar;C:\Users\kalpesh.deore\.m2\repository\com\google\code\findbugs\jsr305\3.0.2\jsr305-3.0.2.jar;C:\Users\kalpesh.deore\.m2\repository\org\checkerframework\checker-qual\3.12.0\checker-qual-3.12.0.jar;C:\Users\kalpesh.deore\.m2\repository\com\google\errorprone\error_prone_annotations\2.11.0\error_prone_annotations-2.11.0.jar;C:\Users\kalpesh.deore\.m2\repository\com\google\j2objc\j2objc-annotations\1.3\j2objc-annotations-1.3.jar;C:\Users\kalpesh.deore\.m2\repository\org\seleniumhq\selenium\selenium-chromium-driver\4.11.0\selenium-chromium-driver-4.11.0.jar;C:\Users\kalpesh.deore\.m2\repository\org\seleniumhq\selenium\selenium-json\4.11.0\selenium-json-4.11.0.jar;C:\Users\kalpesh.deore\.m2\repository\org\seleniumhq\selenium\selenium-manager\4.11.0\selenium-manager-4.11.0.jar;C:\Users\kalpesh.deore\.m2\repository\org\seleniumhq\selenium\selenium-devtools-v113\4.11.0\selenium-devtools-v113-4.11.0.jar;C:\Users\kalpesh.deore\.m2\repository\org\seleniumhq\selenium\selenium-devtools-v114\4.11.0\selenium-devtools-v114-4.11.0.jar;C:\Users\kalpesh.deore\.m2\repository\org\seleniumhq\selenium\selenium-devtools-v115\4.11.0\selenium-devtools-v115-4.11.0.jar;C:\Users\kalpesh.deore\.m2\repository\org\seleniumhq\selenium\selenium-devtools-v85\4.11.0\selenium-devtools-v85-4.11.0.jar;C:\Users\kalpesh.deore\.m2\repository\org\seleniumhq\selenium\selenium-edge-driver\4.11.0\selenium-edge-driver-4.11.0.jar;C:\Users\kalpesh.deore\.m2\repository\org\seleniumhq\selenium\selenium-firefox-driver\4.11.0\selenium-firefox-driver-4.11.0.jar;C:\Users\kalpesh.deore\.m2\repository\org\seleniumhq\selenium\selenium-http\4.11.0\selenium-http-4.11.0.jar;C:\Users\kalpesh.deore\.m2\repository\dev\failsafe\failsafe\3.3.1\failsafe-3.3.1.jar;C:\Users\kalpesh.deore\.m2\repository\org\seleniumhq\selenium\selenium-ie-driver\4.11.0\selenium-ie-driver-4.11.0.jar;C:\Users\kalpesh.deore\.m2\repository\org\seleniumhq\selenium\selenium-remote-driver\4.11.0\selenium-remote-driver-4.11.0.jar;C:\Users\kalpesh.deore\.m2\repository\io\netty\netty-buffer\4.1.92.Final\netty-buffer-4.1.92.Final.jar;C:\Users\kalpesh.deore\.m2\repository\io\netty\netty-codec-http\4.1.92.Final\netty-codec-http-4.1.92.Final.jar;C:\Users\kalpesh.deore\.m2\repository\io\netty\netty-codec\4.1.92.Final\netty-codec-4.1.92.Final.jar;C:\Users\kalpesh.deore\.m2\repository\io\netty\netty-common\4.1.92.Final\netty-common-4.1.92.Final.jar;C:\Users\kalpesh.deore\.m2\repository\io\netty\netty-transport-classes-epoll\4.1.92.Final\netty-transport-classes-epoll-4.1.92.Final.jar;C:\Users\kalpesh.deore\.m2\repository\io\netty\netty-transport-classes-kqueue\4.1.92.Final\netty-transport-classes-kqueue-4.1.92.Final.jar;C:\Users\kalpesh.deore\.m2\repository\io\netty\netty-transport-native-epoll\4.1.92.Final\netty-transport-native-epoll-4.1.92.Final.jar;C:\Users\kalpesh.deore\.m2\repository\io\netty\netty-transport-native-kqueue\4.1.92.Final\netty-transport-native-kqueue-4.1.92.Final.jar;C:\Users\kalpesh.deore\.m2\repository\io\netty\netty-transport-native-unix-common\4.1.92.Final\netty-transport-native-unix-common-4.1.92.Final.jar;C:\Users\kalpesh.deore\.m2\repository\io\netty\netty-transport\4.1.92.Final\netty-transport-4.1.92.Final.jar;C:\Users\kalpesh.deore\.m2\repository\io\netty\netty-resolver\4.1.92.Final\netty-resolver-4.1.92.Final.jar;C:\Users\kalpesh.deore\.m2\repository\io\opentelemetry\opentelemetry-api\1.26.0\opentelemetry-api-1.26.0.jar;C:\Users\kalpesh.deore\.m2\repository\io\opentelemetry\opentelemetry-context\1.26.0\opentelemetry-context-1.26.0.jar;C:\Users\kalpesh.deore\.m2\repository\io\opentelemetry\opentelemetry-exporter-logging\1.26.0\opentelemetry-exporter-logging-1.26.0.jar;C:\Users\kalpesh.deore\.m2\repository\io\opentelemetry\opentelemetry-sdk-metrics\1.26.0\opentelemetry-sdk-metrics-1.26.0.jar;C:\Users\kalpesh.deore\.m2\repository\io\opentelemetry\opentelemetry-extension-incubator\1.26.0-alpha\opentelemetry-extension-incubator-1.26.0-alpha.jar;C:\Users\kalpesh.deore\.m2\repository\io\opentelemetry\opentelemetry-sdk-logs\1.26.0-alpha\opentelemetry-sdk-logs-1.26.0-alpha.jar;C:\Users\kalpesh.deore\.m2\repository\io\opentelemetry\opentelemetry-api-logs\1.26.0-alpha\opentelemetry-api-logs-1.26.0-alpha.jar;C:\Users\kalpesh.deore\.m2\repository\io\opentelemetry\opentelemetry-api-events\1.26.0-alpha\opentelemetry-api-events-1.26.0-alpha.jar;C:\Users\kalpesh.deore\.m2\repository\io\opentelemetry\opentelemetry-sdk-common\1.26.0\opentelemetry-sdk-common-1.26.0.jar;C:\Users\kalpesh.deore\.m2\repository\io\opentelemetry\opentelemetry-sdk-extension-autoconfigure-spi\1.26.0\opentelemetry-sdk-extension-autoconfigure-spi-1.26.0.jar;C:\Users\kalpesh.deore\.m2\repository\io\opentelemetry\opentelemetry-sdk-extension-autoconfigure\1.26.0-alpha\opentelemetry-sdk-extension-autoconfigure-1.26.0-alpha.jar;C:\Users\kalpesh.deore\.m2\repository\io\opentelemetry\opentelemetry-sdk-trace\1.26.0\opentelemetry-sdk-trace-1.26.0.jar;C:\Users\kalpesh.deore\.m2\repository\io\opentelemetry\opentelemetry-sdk\1.26.0\opentelemetry-sdk-1.26.0.jar;C:\Users\kalpesh.deore\.m2\repository\io\opentelemetry\opentelemetry-semconv\1.26.0-alpha\opentelemetry-semconv-1.26.0-alpha.jar;C:\Users\kalpesh.deore\.m2\repository\net\bytebuddy\byte-buddy\1.14.4\byte-buddy-1.14.4.jar;C:\Users\kalpesh.deore\.m2\repository\org\apache\commons\commons-exec\1.3\commons-exec-1.3.jar;C:\Users\kalpesh.deore\.m2\repository\org\asynchttpclient\async-http-client\2.12.3\async-http-client-2.12.3.jar;C:\Users\kalpesh.deore\.m2\repository\org\asynchttpclient\async-http-client-netty-utils\2.12.3\async-http-client-netty-utils-2.12.3.jar;C:\Users\kalpesh.deore\.m2\repository\io\netty\netty-codec-socks\4.1.60.Final\netty-codec-socks-4.1.60.Final.jar;C:\Users\kalpesh.deore\.m2\repository\io\netty\netty-handler-proxy\4.1.60.Final\netty-handler-proxy-4.1.60.Final.jar;C:\Users\kalpesh.deore\.m2\repository\io\netty\netty-transport-native-epoll\4.1.60.Final\netty-transport-native-epoll-4.1.60.Final-linux-x86_64.jar;C:\Users\kalpesh.deore\.m2\repository\io\netty\netty-transport-native-kqueue\4.1.60.Final\netty-transport-native-kqueue-4.1.60.Final-osx-x86_64.jar;C:\Users\kalpesh.deore\.m2\repository\org\reactivestreams\reactive-streams\1.0.3\reactive-streams-1.0.3.jar;C:\Users\kalpesh.deore\.m2\repository\com\typesafe\netty\netty-reactive-streams\2.0.4\netty-reactive-streams-2.0.4.jar;C:\Users\kalpesh.deore\.m2\repository\com\sun\activation\jakarta.activation\1.2.2\jakarta.activation-1.2.2.jar;C:\Users\kalpesh.deore\.m2\repository\org\seleniumhq\selenium\selenium-safari-driver\4.11.0\selenium-safari-driver-4.11.0.jar;C:\Users\kalpesh.deore\.m2\repository\org\seleniumhq\selenium\selenium-support\4.11.0\selenium-support-4.11.0.jar;C:\Users\kalpesh.deore\.m2\repository\org\testng\testng\7.1.0\testng-7.1.0.jar;C:\Users\kalpesh.deore\.m2\repository\com\beust\jcommander\1.72\jcommander-1.72.jar;C:\Users\kalpesh.deore\.m2\repository\com\google\inject\guice\4.1.0\guice-4.1.0-no_aop.jar;C:\Users\kalpesh.deore\.m2\repository\javax\inject\javax.inject\1\javax.inject-1.jar;C:\Users\kalpesh.deore\.m2\repository\aopalliance\aopalliance\1.0\aopalliance-1.0.jar;C:\Users\kalpesh.deore\.m2\repository\org\yaml\snakeyaml\1.21\snakeyaml-1.21.jar;C:\Users\kalpesh.deore\.m2\repository\org\jsoup\jsoup\1.7.2\jsoup-1.7.2.jar;C:\Users\kalpesh.deore\.m2\repository\org\apache\poi\poi\4.0.1\poi-4.0.1.jar;C:\Users\kalpesh.deore\.m2\repository\commons-codec\commons-codec\1.11\commons-codec-1.11.jar;C:\Users\kalpesh.deore\.m2\repository\org\apache\commons\commons-collections4\4.2\commons-collections4-4.2.jar;C:\Users\kalpesh.deore\.m2\repository\org\apache\commons\commons-math3\3.6.1\commons-math3-3.6.1.jar;C:\Users\kalpesh.deore\.m2\repository\org\apache\poi\poi-ooxml\4.0.1\poi-ooxml-4.0.1.jar;C:\Users\kalpesh.deore\.m2\repository\org\apache\commons\commons-compress\1.18\commons-compress-1.18.jar;C:\Users\kalpesh.deore\.m2\repository\com\github\virtuald\curvesapi\1.05\curvesapi-1.05.jar;C:\Users\kalpesh.deore\.m2\repository\com\aventstack\extentreports\4.1.7\extentreports-4.1.7.jar;C:\Users\kalpesh.deore\.m2\repository\org\freemarker\freemarker\2.3.29\freemarker-2.3.29.jar;C:\Users\kalpesh.deore\.m2\repository\org\apache\httpcomponents\httpmime\4.5.2\httpmime-4.5.2.jar;C:\Users\kalpesh.deore\.m2\repository\org\mongodb\mongodb-driver\3.12.0\mongodb-driver-3.12.0.jar;C:\Users\kalpesh.deore\.m2\repository\org\mongodb\mongodb-driver-core\3.12.0\mongodb-driver-core-3.12.0.jar;C:\Users\kalpesh.deore\.m2\repository\org\mongodb\bson\3.12.0\bson-3.12.0.jar;C:\Users\kalpesh.deore\.m2\repository\io\github\bonigarcia\webdrivermanager\5.5.3\webdrivermanager-5.5.3.jar;C:\Users\kalpesh.deore\.m2\repository\org\slf4j\slf4j-api\2.0.7\slf4j-api-2.0.7.jar;C:\Users\kalpesh.deore\.m2\repository\com\github\docker-java\docker-java\3.3.3\docker-java-3.3.3.jar;C:\Users\kalpesh.deore\.m2\repository\com\github\docker-java\docker-java-core\3.3.3\docker-java-core-3.3.3.jar;C:\Users\kalpesh.deore\.m2\repository\com\github\docker-java\docker-java-api\3.3.3\docker-java-api-3.3.3.jar;C:\Users\kalpesh.deore\.m2\repository\commons-io\commons-io\2.6\commons-io-2.6.jar;C:\Users\kalpesh.deore\.m2\repository\org\bouncycastle\bcpkix-jdk18on\1.75\bcpkix-jdk18on-1.75.jar;C:\Users\kalpesh.deore\.m2\repository\org\bouncycastle\bcprov-jdk18on\1.75\bcprov-jdk18on-1.75.jar;C:\Users\kalpesh.deore\.m2\repository\org\bouncycastle\bcutil-jdk18on\1.75\bcutil-jdk18on-1.75.jar;C:\Users\kalpesh.deore\.m2\repository\org\slf4j\jcl-over-slf4j\1.7.30\jcl-over-slf4j-1.7.30.jar;C:\Users\kalpesh.deore\.m2\repository\com\github\docker-java\docker-java-transport-httpclient5\3.3.3\docker-java-transport-httpclient5-3.3.3.jar;C:\Users\kalpesh.deore\.m2\repository\com\github\docker-java\docker-java-transport\3.3.3\docker-java-transport-3.3.3.jar;C:\Users\kalpesh.deore\.m2\repository\net\java\dev\jna\jna\5.12.1\jna-5.12.1.jar;C:\Users\kalpesh.deore\.m2\repository\org\brotli\dec\0.1.2\dec-0.1.2.jar;C:\Users\kalpesh.deore\.m2\repository\org\apache\commons\commons-lang3\3.13.0\commons-lang3-3.13.0.jar;C:\Users\kalpesh.deore\.m2\repository\org\apache\httpcomponents\client5\httpclient5\5.2.1\httpclient5-5.2.1.jar;C:\Users\kalpesh.deore\.m2\repository\org\apache\httpcomponents\core5\httpcore5\5.2\httpcore5-5.2.jar;C:\Users\kalpesh.deore\.m2\repository\org\apache\httpcomponents\core5\httpcore5-h2\5.2\httpcore5-h2-5.2.jar;C:\Users\kalpesh.deore\.m2\repository\net\lingala\zip4j\zip4j\2.3.1\zip4j-2.3.1.jar;C:\Users\kalpesh.deore\.m2\repository\org\apache\logging\log4j\log4j-core\2.22.0\log4j-core-2.22.0.jar;C:\Users\kalpesh.deore\.m2\repository\org\apache\logging\log4j\log4j-api\2.22.0\log4j-api-2.22.0.jar;C:\Users\kalpesh.deore\.m2\repository\log4j\log4j\1.2.17\log4j-1.2.17.jar;C:\Users\kalpesh.deore\.m2\repository\org\apache\pdfbox\pdfbox\2.0.22\pdfbox-2.0.22.jar;C:\Users\kalpesh.deore\.m2\repository\org\apache\pdfbox\fontbox\2.0.22\fontbox-2.0.22.jar;C:\Users\kalpesh.deore\.m2\repository\commons-logging\commons-logging\1.2\commons-logging-1.2.jar;C:\Users\kalpesh.deore\.m2\repository\mysql\mysql-connector-java\8.0.28\mysql-connector-java-8.0.28.jar;C:\Users\kalpesh.deore\.m2\repository\com\google\protobuf\protobuf-java\3.11.4\protobuf-java-3.11.4.jar;C:\Users\kalpesh.deore\.m2\repository\org\skyscreamer\jsonassert\1.5.0\jsonassert-1.5.0.jar;C:\Users\kalpesh.deore\.m2\repository\com\vaadin\external\google\android-json\0.0.20131108.vaadin1\android-json-0.0.20131108.vaadin1.jar;C:\Users\kalpesh.deore\.m2\repository\com\github\javafaker\javafaker\1.0.2\javafaker-1.0.2.jar;C:\Users\kalpesh.deore\.m2\repository\org\yaml\snakeyaml\1.23\snakeyaml-1.23-android.jar;C:\Users\kalpesh.deore\.m2\repository\com\github\mifmif\generex\1.0.2\generex-1.0.2.jar;C:\Users\kalpesh.deore\.m2\repository\dk\brics\automaton\automaton\1.11-8\automaton-1.11-8.jar;C:\Users\kalpesh.deore\.m2\repository\javax\mail\javax.mail-api\1.6.2\javax.mail-api-1.6.2.jar;C:\Users\kalpesh.deore\.m2\repository\com\sun\mail\javax.mail\1.6.2\javax.mail-1.6.2.jar;C:\Users\kalpesh.deore\.m2\repository\io\qameta\allure\allure-testng\2.24.0\allure-testng-2.24.0.jar;C:\Users\kalpesh.deore\.m2\repository\io\qameta\allure\allure-java-commons\2.24.0\allure-java-commons-2.24.0.jar;C:\Users\kalpesh.deore\.m2\repository\io\qameta\allure\allure-model\2.24.0\allure-model-2.24.0.jar;C:\Users\kalpesh.deore\.m2\repository\io\qameta\allure\allure-test-filter\2.24.0\allure-test-filter-2.24.0.jar;C:\Users\kalpesh.deore\.m2\repository\com\google\code\gson\gson\2.8.5\gson-2.8.5.jar;C:\Users\kalpesh.deore\.m2\repository\io\rest-assured\rest-assured\5.5.0\rest-assured-5.5.0.jar;C:\Users\kalpesh.deore\.m2\repository\org\apache\groovy\groovy\4.0.22\groovy-4.0.22.jar;C:\Users\kalpesh.deore\.m2\repository\org\apache\groovy\groovy-xml\4.0.22\groovy-xml-4.0.22.jar;C:\Users\kalpesh.deore\.m2\repository\org\hamcrest\hamcrest\2.2\hamcrest-2.2.jar;C:\Users\kalpesh.deore\.m2\repository\org\ccil\cowan\tagsoup\tagsoup\1.2.1\tagsoup-1.2.1.jar;C:\Users\kalpesh.deore\.m2\repository\io\rest-assured\json-path\5.5.0\json-path-5.5.0.jar;C:\Users\kalpesh.deore\.m2\repository\org\apache\groovy\groovy-json\4.0.22\groovy-json-4.0.22.jar;C:\Users\kalpesh.deore\.m2\repository\io\rest-assured\rest-assured-common\5.5.0\rest-assured-common-5.5.0.jar;C:\Users\kalpesh.deore\.m2\repository\io\rest-assured\xml-path\5.5.0\xml-path-5.5.0.jar;C:\Users\kalpesh.deore\.m2\repository\commons-httpclient\commons-httpclient\3.1\commons-httpclient-3.1.jar;C:\Users\kalpesh.deore\.m2\repository\dom4j\dom4j\1.6.1\dom4j-1.6.1.jar;C:\Users\kalpesh.deore\.m2\repository\net\sf\saxon\saxon-dom\8.7\saxon-dom-8.7.jar;C:\Users\kalpesh.deore\.m2\repository\net\sf\saxon\saxon\8.7\saxon-8.7.jar;C:\Users\kalpesh.deore\.m2\repository\org\apache\httpcomponents\httpclient\4.5.6\httpclient-4.5.6.jar;C:\Users\kalpesh.deore\.m2\repository\org\apache\httpcomponents\httpcore\4.4.10\httpcore-4.4.10.jar;C:\Users\kalpesh.deore\.m2\repository\net\sourceforge\jexcelapi\jxl\2.6.12\jxl-2.6.12.jar;C:\Users\kalpesh.deore\.m2\repository\org\apache\poi\poi-ooxml-schemas\4.0.1\poi-ooxml-schemas-4.0.1.jar;C:\Users\kalpesh.deore\.m2\repository\org\apache\xmlbeans\xmlbeans\3.0.2\xmlbeans-3.0.2.jar;C:\Users\kalpesh.deore\.m2\repository\xml-apis\xml-apis\1.4.01\xml-apis-1.4.01.jar;C:\Users\kalpesh.deore\.m2\repository\javax\activation\activation\1.1.1\activation-1.1.1.jar;C:\Users\kalpesh.deore\.m2\repository\com\jcraft\jsch\0.1.54\jsch-0.1.54.jar;C:\Users\kalpesh.deore\.m2\repository\com\amazonaws\aws-java-sdk\1.11.490\aws-java-sdk-1.11.490.jar;C:\Users\kalpesh.deore\.m2\repository\com\amazonaws\aws-java-sdk-worklink\1.11.490\aws-java-sdk-worklink-1.11.490.jar;C:\Users\kalpesh.deore\.m2\repository\com\amazonaws\jmespath-java\1.11.490\jmespath-java-1.11.490.jar;C:\Users\kalpesh.deore\.m2\repository\com\amazonaws\aws-java-sdk-backup\1.11.490\aws-java-sdk-backup-1.11.490.jar;C:\Users\kalpesh.deore\.m2\repository\com\amazonaws\aws-java-sdk-docdb\1.11.490\aws-java-sdk-docdb-1.11.490.jar;C:\Users\kalpesh.deore\.m2\repository\com\amazonaws\aws-java-sdk-apigatewayv2\1.11.490\aws-java-sdk-apigatewayv2-1.11.490.jar;C:\Users\kalpesh.deore\.m2\repository\com\amazonaws\aws-java-sdk-apigatewaymanagementapi\1.11.490\aws-java-sdk-apigatewaymanagementapi-1.11.490.jar;C:\Users\kalpesh.deore\.m2\repository\com\amazonaws\aws-java-sdk-kafka\1.11.490\aws-java-sdk-kafka-1.11.490.jar;C:\Users\kalpesh.deore\.m2\repository\com\amazonaws\aws-java-sdk-appmesh\1.11.490\aws-java-sdk-appmesh-1.11.490.jar;C:\Users\kalpesh.deore\.m2\repository\com\amazonaws\aws-java-sdk-licensemanager\1.11.490\aws-java-sdk-licensemanager-1.11.490.jar;C:\Users\kalpesh.deore\.m2\repository\com\amazonaws\aws-java-sdk-securityhub\1.11.490\aws-java-sdk-securityhub-1.11.490.jar;C:\Users\kalpesh.deore\.m2\repository\com\amazonaws\aws-java-sdk-fsx\1.11.490\aws-java-sdk-fsx-1.11.490.jar;C:\Users\kalpesh.deore\.m2\repository\com\amazonaws\aws-java-sdk-mediaconnect\1.11.490\aws-java-sdk-mediaconnect-1.11.490.jar;C:\Users\kalpesh.deore\.m2\repository\com\amazonaws\aws-java-sdk-kinesisanalyticsv2\1.11.490\aws-java-sdk-kinesisanalyticsv2-1.11.490.jar;C:\Users\kalpesh.deore\.m2\repository\com\amazonaws\aws-java-sdk-comprehendmedical\1.11.490\aws-java-sdk-comprehendmedical-1.11.490.jar;C:\Users\kalpesh.deore\.m2\repository\com\amazonaws\aws-java-sdk-globalaccelerator\1.11.490\aws-java-sdk-globalaccelerator-1.11.490.jar;C:\Users\kalpesh.deore\.m2\repository\com\amazonaws\aws-java-sdk-transfer\1.11.490\aws-java-sdk-transfer-1.11.490.jar;C:\Users\kalpesh.deore\.m2\repository\com\amazonaws\aws-java-sdk-datasync\1.11.490\aws-java-sdk-datasync-1.11.490.jar;C:\Users\kalpesh.deore\.m2\repository\com\amazonaws\aws-java-sdk-robomaker\1.11.490\aws-java-sdk-robomaker-1.11.490.jar;C:\Users\kalpesh.deore\.m2\repository\com\amazonaws\aws-java-sdk-amplify\1.11.490\aws-java-sdk-amplify-1.11.490.jar;C:\Users\kalpesh.deore\.m2\repository\com\amazonaws\aws-java-sdk-quicksight\1.11.490\aws-java-sdk-quicksight-1.11.490.jar;C:\Users\kalpesh.deore\.m2\repository\com\amazonaws\aws-java-sdk-rdsdata\1.11.490\aws-java-sdk-rdsdata-1.11.490.jar;C:\Users\kalpesh.deore\.m2\repository\com\amazonaws\aws-java-sdk-route53resolver\1.11.490\aws-java-sdk-route53resolver-1.11.490.jar;C:\Users\kalpesh.deore\.m2\repository\com\amazonaws\aws-java-sdk-ram\1.11.490\aws-java-sdk-ram-1.11.490.jar;C:\Users\kalpesh.deore\.m2\repository\com\amazonaws\aws-java-sdk-s3control\1.11.490\aws-java-sdk-s3control-1.11.490.jar;C:\Users\kalpesh.deore\.m2\repository\com\amazonaws\aws-java-sdk-pinpointsmsvoice\1.11.490\aws-java-sdk-pinpointsmsvoice-1.11.490.jar;C:\Users\kalpesh.deore\.m2\repository\com\amazonaws\aws-java-sdk-pinpointemail\1.11.490\aws-java-sdk-pinpointemail-1.11.490.jar;C:\Users\kalpesh.deore\.m2\repository\com\amazonaws\aws-java-sdk-chime\1.11.490\aws-java-sdk-chime-1.11.490.jar;C:\Users\kalpesh.deore\.m2\repository\com\amazonaws\aws-java-sdk-signer\1.11.490\aws-java-sdk-signer-1.11.490.jar;C:\Users\kalpesh.deore\.m2\repository\com\amazonaws\aws-java-sdk-dlm\1.11.490\aws-java-sdk-dlm-1.11.490.jar;C:\Users\kalpesh.deore\.m2\repository\com\amazonaws\aws-java-sdk-macie\1.11.490\aws-java-sdk-macie-1.11.490.jar;C:\Users\kalpesh.deore\.m2\repository\com\amazonaws\aws-java-sdk-eks\1.11.490\aws-java-sdk-eks-1.11.490.jar;C:\Users\kalpesh.deore\.m2\repository\com\amazonaws\aws-java-sdk-mediatailor\1.11.490\aws-java-sdk-mediatailor-1.11.490.jar;C:\Users\kalpesh.deore\.m2\repository\com\amazonaws\aws-java-sdk-neptune\1.11.490\aws-java-sdk-neptune-1.11.490.jar;C:\Users\kalpesh.deore\.m2\repository\com\amazonaws\aws-java-sdk-pi\1.11.490\aws-java-sdk-pi-1.11.490.jar;C:\Users\kalpesh.deore\.m2\repository\com\amazonaws\aws-java-sdk-iot1clickprojects\1.11.490\aws-java-sdk-iot1clickprojects-1.11.490.jar;C:\Users\kalpesh.deore\.m2\repository\com\amazonaws\aws-java-sdk-iot1clickdevices\1.11.490\aws-java-sdk-iot1clickdevices-1.11.490.jar;C:\Users\kalpesh.deore\.m2\repository\com\amazonaws\aws-java-sdk-iotanalytics\1.11.490\aws-java-sdk-iotanalytics-1.11.490.jar;C:\Users\kalpesh.deore\.m2\repository\com\amazonaws\aws-java-sdk-acmpca\1.11.490\aws-java-sdk-acmpca-1.11.490.jar;C:\Users\kalpesh.deore\.m2\repository\com\amazonaws\aws-java-sdk-secretsmanager\1.11.490\aws-java-sdk-secretsmanager-1.11.490.jar;C:\Users\kalpesh.deore\.m2\repository\com\amazonaws\aws-java-sdk-fms\1.11.490\aws-java-sdk-fms-1.11.490.jar;C:\Users\kalpesh.deore\.m2\repository\com\amazonaws\aws-java-sdk-connect\1.11.490\aws-java-sdk-connect-1.11.490.jar;C:\Users\kalpesh.deore\.m2\repository\com\amazonaws\aws-java-sdk-transcribe\1.11.490\aws-java-sdk-transcribe-1.11.490.jar;C:\Users\kalpesh.deore\.m2\repository\com\amazonaws\aws-java-sdk-autoscalingplans\1.11.490\aws-java-sdk-autoscalingplans-1.11.490.jar;C:\Users\kalpesh.deore\.m2\repository\com\amazonaws\aws-java-sdk-workmail\1.11.490\aws-java-sdk-workmail-1.11.490.jar;C:\Users\kalpesh.deore\.m2\repository\com\amazonaws\aws-java-sdk-servicediscovery\1.11.490\aws-java-sdk-servicediscovery-1.11.490.jar;C:\Users\kalpesh.deore\.m2\repository\com\amazonaws\aws-java-sdk-cloud9\1.11.490\aws-java-sdk-cloud9-1.11.490.jar;C:\Users\kalpesh.deore\.m2\repository\com\amazonaws\aws-java-sdk-serverlessapplicationrepository\1.11.490\aws-java-sdk-serverlessapplicationrepository-1.11.490.jar;C:\Users\kalpesh.deore\.m2\repository\com\amazonaws\aws-java-sdk-alexaforbusiness\1.11.490\aws-java-sdk-alexaforbusiness-1.11.490.jar;C:\Users\kalpesh.deore\.m2\repository\com\amazonaws\aws-java-sdk-resourcegroups\1.11.490\aws-java-sdk-resourcegroups-1.11.490.jar;C:\Users\kalpesh.deore\.m2\repository\com\amazonaws\aws-java-sdk-comprehend\1.11.490\aws-java-sdk-comprehend-1.11.490.jar;C:\Users\kalpesh.deore\.m2\repository\com\amazonaws\aws-java-sdk-translate\1.11.490\aws-java-sdk-translate-1.11.490.jar;C:\Users\kalpesh.deore\.m2\repository\com\amazonaws\aws-java-sdk-sagemaker\1.11.490\aws-java-sdk-sagemaker-1.11.490.jar;C:\Users\kalpesh.deore\.m2\repository\com\amazonaws\aws-java-sdk-iotjobsdataplane\1.11.490\aws-java-sdk-iotjobsdataplane-1.11.490.jar;C:\Users\kalpesh.deore\.m2\repository\com\amazonaws\aws-java-sdk-sagemakerruntime\1.11.490\aws-java-sdk-sagemakerruntime-1.11.490.jar;C:\Users\kalpesh.deore\.m2\repository\com\amazonaws\aws-java-sdk-kinesisvideo\1.11.490\aws-java-sdk-kinesisvideo-1.11.490.jar;C:\Users\kalpesh.deore\.m2\repository\io\netty\netty-handler\4.1.17.Final\netty-handler-4.1.17.Final.jar;C:\Users\kalpesh.deore\.m2\repository\com\amazonaws\aws-java-sdk-appsync\1.11.490\aws-java-sdk-appsync-1.11.490.jar;C:\Users\kalpesh.deore\.m2\repository\com\amazonaws\aws-java-sdk-guardduty\1.11.490\aws-java-sdk-guardduty-1.11.490.jar;C:\Users\kalpesh.deore\.m2\repository\com\amazonaws\aws-java-sdk-mq\1.11.490\aws-java-sdk-mq-1.11.490.jar;C:\Users\kalpesh.deore\.m2\repository\com\amazonaws\aws-java-sdk-mediaconvert\1.11.490\aws-java-sdk-mediaconvert-1.11.490.jar;C:\Users\kalpesh.deore\.m2\repository\com\amazonaws\aws-java-sdk-mediastore\1.11.490\aws-java-sdk-mediastore-1.11.490.jar;C:\Users\kalpesh.deore\.m2\repository\com\amazonaws\aws-java-sdk-mediastoredata\1.11.490\aws-java-sdk-mediastoredata-1.11.490.jar;C:\Users\kalpesh.deore\.m2\repository\com\amazonaws\aws-java-sdk-medialive\1.11.490\aws-java-sdk-medialive-1.11.490.jar;C:\Users\kalpesh.deore\.m2\repository\com\amazonaws\aws-java-sdk-mediapackage\1.11.490\aws-java-sdk-mediapackage-1.11.490.jar;C:\Users\kalpesh.deore\.m2\repository\com\amazonaws\aws-java-sdk-costexplorer\1.11.490\aws-java-sdk-costexplorer-1.11.490.jar;C:\Users\kalpesh.deore\.m2\repository\com\amazonaws\aws-java-sdk-pricing\1.11.490\aws-java-sdk-pricing-1.11.490.jar;C:\Users\kalpesh.deore\.m2\repository\com\amazonaws\aws-java-sdk-mobile\1.11.490\aws-java-sdk-mobile-1.11.490.jar;C:\Users\kalpesh.deore\.m2\repository\com\amazonaws\aws-java-sdk-cloudhsmv2\1.11.490\aws-java-sdk-cloudhsmv2-1.11.490.jar;C:\Users\kalpesh.deore\.m2\repository\com\amazonaws\aws-java-sdk-glue\1.11.490\aws-java-sdk-glue-1.11.490.jar;C:\Users\kalpesh.deore\.m2\repository\com\amazonaws\aws-java-sdk-migrationhub\1.11.490\aws-java-sdk-migrationhub-1.11.490.jar;C:\Users\kalpesh.deore\.m2\repository\com\amazonaws\aws-java-sdk-dax\1.11.490\aws-java-sdk-dax-1.11.490.jar;C:\Users\kalpesh.deore\.m2\repository\com\amazonaws\aws-java-sdk-greengrass\1.11.490\aws-java-sdk-greengrass-1.11.490.jar;C:\Users\kalpesh.deore\.m2\repository\com\amazonaws\aws-java-sdk-athena\1.11.490\aws-java-sdk-athena-1.11.490.jar;C:\Users\kalpesh.deore\.m2\repository\com\amazonaws\aws-java-sdk-marketplaceentitlement\1.11.490\aws-java-sdk-marketplaceentitlement-1.11.490.jar;C:\Users\kalpesh.deore\.m2\repository\com\amazonaws\aws-java-sdk-codestar\1.11.490\aws-java-sdk-codestar-1.11.490.jar;C:\Users\kalpesh.deore\.m2\repository\com\amazonaws\aws-java-sdk-lexmodelbuilding\1.11.490\aws-java-sdk-lexmodelbuilding-1.11.490.jar;C:\Users\kalpesh.deore\.m2\repository\com\amazonaws\aws-java-sdk-resourcegroupstaggingapi\1.11.490\aws-java-sdk-resourcegroupstaggingapi-1.11.490.jar;C:\Users\kalpesh.deore\.m2\repository\com\amazonaws\aws-java-sdk-pinpoint\1.11.490\aws-java-sdk-pinpoint-1.11.490.jar;C:\Users\kalpesh.deore\.m2\repository\com\amazonaws\aws-java-sdk-xray\1.11.490\aws-java-sdk-xray-1.11.490.jar;C:\Users\kalpesh.deore\.m2\repository\com\amazonaws\aws-java-sdk-opsworkscm\1.11.490\aws-java-sdk-opsworkscm-1.11.490.jar;C:\Users\kalpesh.deore\.m2\repository\com\amazonaws\aws-java-sdk-support\1.11.490\aws-java-sdk-support-1.11.490.jar;C:\Users\kalpesh.deore\.m2\repository\com\amazonaws\aws-java-sdk-simpledb\1.11.490\aws-java-sdk-simpledb-1.11.490.jar;C:\Users\kalpesh.deore\.m2\repository\com\amazonaws\aws-java-sdk-servicecatalog\1.11.490\aws-java-sdk-servicecatalog-1.11.490.jar;C:\Users\kalpesh.deore\.m2\repository\com\amazonaws\aws-java-sdk-servermigration\1.11.490\aws-java-sdk-servermigration-1.11.490.jar;C:\Users\kalpesh.deore\.m2\repository\com\amazonaws\aws-java-sdk-simpleworkflow\1.11.490\aws-java-sdk-simpleworkflow-1.11.490.jar;C:\Users\kalpesh.deore\.m2\repository\com\amazonaws\aws-java-sdk-storagegateway\1.11.490\aws-java-sdk-storagegateway-1.11.490.jar;C:\Users\kalpesh.deore\.m2\repository\com\amazonaws\aws-java-sdk-route53\1.11.490\aws-java-sdk-route53-1.11.490.jar;C:\Users\kalpesh.deore\.m2\repository\com\amazonaws\aws-java-sdk-s3\1.11.490\aws-java-sdk-s3-1.11.490.jar;C:\Users\kalpesh.deore\.m2\repository\com\amazonaws\aws-java-sdk-importexport\1.11.490\aws-java-sdk-importexport-1.11.490.jar;C:\Users\kalpesh.deore\.m2\repository\com\amazonaws\aws-java-sdk-sts\1.11.490\aws-java-sdk-sts-1.11.490.jar;C:\Users\kalpesh.deore\.m2\repository\com\amazonaws\aws-java-sdk-sqs\1.11.490\aws-java-sdk-sqs-1.11.490.jar;C:\Users\kalpesh.deore\.m2\repository\com\amazonaws\aws-java-sdk-rds\1.11.490\aws-java-sdk-rds-1.11.490.jar;C:\Users\kalpesh.deore\.m2\repository\com\amazonaws\aws-java-sdk-redshift\1.11.490\aws-java-sdk-redshift-1.11.490.jar;C:\Users\kalpesh.deore\.m2\repository\com\amazonaws\aws-java-sdk-elasticbeanstalk\1.11.490\aws-java-sdk-elasticbeanstalk-1.11.490.jar;C:\Users\kalpesh.deore\.m2\repository\com\amazonaws\aws-java-sdk-glacier\1.11.490\aws-java-sdk-glacier-1.11.490.jar;C:\Users\kalpesh.deore\.m2\repository\com\amazonaws\aws-java-sdk-iam\1.11.490\aws-java-sdk-iam-1.11.490.jar;C:\Users\kalpesh.deore\.m2\repository\com\amazonaws\aws-java-sdk-datapipeline\1.11.490\aws-java-sdk-datapipeline-1.11.490.jar;C:\Users\kalpesh.deore\.m2\repository\com\amazonaws\aws-java-sdk-elasticloadbalancing\1.11.490\aws-java-sdk-elasticloadbalancing-1.11.490.jar;C:\Users\kalpesh.deore\.m2\repository\com\amazonaws\aws-java-sdk-elasticloadbalancingv2\1.11.490\aws-java-sdk-elasticloadbalancingv2-1.11.490.jar;C:\Users\kalpesh.deore\.m2\repository\com\amazonaws\aws-java-sdk-emr\1.11.490\aws-java-sdk-emr-1.11.490.jar;C:\Users\kalpesh.deore\.m2\repository\com\amazonaws\aws-java-sdk-elasticache\1.11.490\aws-java-sdk-elasticache-1.11.490.jar;C:\Users\kalpesh.deore\.m2\repository\com\amazonaws\aws-java-sdk-elastictranscoder\1.11.490\aws-java-sdk-elastictranscoder-1.11.490.jar;C:\Users\kalpesh.deore\.m2\repository\com\amazonaws\aws-java-sdk-ec2\1.11.490\aws-java-sdk-ec2-1.11.490.jar;C:\Users\kalpesh.deore\.m2\repository\com\amazonaws\aws-java-sdk-dynamodb\1.11.490\aws-java-sdk-dynamodb-1.11.490.jar;C:\Users\kalpesh.deore\.m2\repository\com\amazonaws\aws-java-sdk-sns\1.11.490\aws-java-sdk-sns-1.11.490.jar;C:\Users\kalpesh.deore\.m2\repository\com\amazonaws\aws-java-sdk-budgets\1.11.490\aws-java-sdk-budgets-1.11.490.jar;C:\Users\kalpesh.deore\.m2\repository\com\amazonaws\aws-java-sdk-cloudtrail\1.11.490\aws-java-sdk-cloudtrail-1.11.490.jar;C:\Users\kalpesh.deore\.m2\repository\com\amazonaws\aws-java-sdk-cloudwatch\1.11.490\aws-java-sdk-cloudwatch-1.11.490.jar;C:\Users\kalpesh.deore\.m2\repository\com\amazonaws\aws-java-sdk-logs\1.11.490\aws-java-sdk-logs-1.11.490.jar;C:\Users\kalpesh.deore\.m2\repository\com\amazonaws\aws-java-sdk-events\1.11.490\aws-java-sdk-events-1.11.490.jar;C:\Users\kalpesh.deore\.m2\repository\com\amazonaws\aws-java-sdk-cognitoidentity\1.11.490\aws-java-sdk-cognitoidentity-1.11.490.jar;C:\Users\kalpesh.deore\.m2\repository\com\amazonaws\aws-java-sdk-cognitosync\1.11.490\aws-java-sdk-cognitosync-1.11.490.jar;C:\Users\kalpesh.deore\.m2\repository\com\amazonaws\aws-java-sdk-directconnect\1.11.490\aws-java-sdk-directconnect-1.11.490.jar;C:\Users\kalpesh.deore\.m2\repository\com\amazonaws\aws-java-sdk-cloudformation\1.11.490\aws-java-sdk-cloudformation-1.11.490.jar;C:\Users\kalpesh.deore\.m2\repository\com\amazonaws\aws-java-sdk-cloudfront\1.11.490\aws-java-sdk-cloudfront-1.11.490.jar;C:\Users\kalpesh.deore\.m2\repository\com\amazonaws\aws-java-sdk-clouddirectory\1.11.490\aws-java-sdk-clouddirectory-1.11.490.jar;C:\Users\kalpesh.deore\.m2\repository\com\amazonaws\aws-java-sdk-kinesis\1.11.490\aws-java-sdk-kinesis-1.11.490.jar;C:\Users\kalpesh.deore\.m2\repository\com\amazonaws\aws-java-sdk-opsworks\1.11.490\aws-java-sdk-opsworks-1.11.490.jar;C:\Users\kalpesh.deore\.m2\repository\com\amazonaws\aws-java-sdk-ses\1.11.490\aws-java-sdk-ses-1.11.490.jar;C:\Users\kalpesh.deore\.m2\repository\com\amazonaws\aws-java-sdk-autoscaling\1.11.490\aws-java-sdk-autoscaling-1.11.490.jar;C:\Users\kalpesh.deore\.m2\repository\com\amazonaws\aws-java-sdk-cloudsearch\1.11.490\aws-java-sdk-cloudsearch-1.11.490.jar;C:\Users\kalpesh.deore\.m2\repository\com\amazonaws\aws-java-sdk-cloudwatchmetrics\1.11.490\aws-java-sdk-cloudwatchmetrics-1.11.490.jar;C:\Users\kalpesh.deore\.m2\repository\com\amazonaws\aws-java-sdk-codedeploy\1.11.490\aws-java-sdk-codedeploy-1.11.490.jar;C:\Users\kalpesh.deore\.m2\repository\com\amazonaws\aws-java-sdk-codepipeline\1.11.490\aws-java-sdk-codepipeline-1.11.490.jar;C:\Users\kalpesh.deore\.m2\repository\com\amazonaws\aws-java-sdk-kms\1.11.490\aws-java-sdk-kms-1.11.490.jar;C:\Users\kalpesh.deore\.m2\repository\com\amazonaws\aws-java-sdk-config\1.11.490\aws-java-sdk-config-1.11.490.jar;C:\Users\kalpesh.deore\.m2\repository\com\amazonaws\aws-java-sdk-lambda\1.11.490\aws-java-sdk-lambda-1.11.490.jar;C:\Users\kalpesh.deore\.m2\repository\com\amazonaws\aws-java-sdk-ecs\1.11.490\aws-java-sdk-ecs-1.11.490.jar;C:\Users\kalpesh.deore\.m2\repository\com\amazonaws\aws-java-sdk-ecr\1.11.490\aws-java-sdk-ecr-1.11.490.jar;C:\Users\kalpesh.deore\.m2\repository\com\amazonaws\aws-java-sdk-cloudhsm\1.11.490\aws-java-sdk-cloudhsm-1.11.490.jar;C:\Users\kalpesh.deore\.m2\repository\com\amazonaws\aws-java-sdk-ssm\1.11.490\aws-java-sdk-ssm-1.11.490.jar;C:\Users\kalpesh.deore\.m2\repository\com\amazonaws\aws-java-sdk-workspaces\1.11.490\aws-java-sdk-workspaces-1.11.490.jar;C:\Users\kalpesh.deore\.m2\repository\com\amazonaws\aws-java-sdk-machinelearning\1.11.490\aws-java-sdk-machinelearning-1.11.490.jar;C:\Users\kalpesh.deore\.m2\repository\com\amazonaws\aws-java-sdk-directory\1.11.490\aws-java-sdk-directory-1.11.490.jar;C:\Users\kalpesh.deore\.m2\repository\com\amazonaws\aws-java-sdk-efs\1.11.490\aws-java-sdk-efs-1.11.490.jar;C:\Users\kalpesh.deore\.m2\repository\com\amazonaws\aws-java-sdk-codecommit\1.11.490\aws-java-sdk-codecommit-1.11.490.jar;C:\Users\kalpesh.deore\.m2\repository\com\amazonaws\aws-java-sdk-devicefarm\1.11.490\aws-java-sdk-devicefarm-1.11.490.jar;C:\Users\kalpesh.deore\.m2\repository\com\amazonaws\aws-java-sdk-elasticsearch\1.11.490\aws-java-sdk-elasticsearch-1.11.490.jar;C:\Users\kalpesh.deore\.m2\repository\com\amazonaws\aws-java-sdk-waf\1.11.490\aws-java-sdk-waf-1.11.490.jar;C:\Users\kalpesh.deore\.m2\repository\com\amazonaws\aws-java-sdk-marketplacecommerceanalytics\1.11.490\aws-java-sdk-marketplacecommerceanalytics-1.11.490.jar;C:\Users\kalpesh.deore\.m2\repository\com\amazonaws\aws-java-sdk-inspector\1.11.490\aws-java-sdk-inspector-1.11.490.jar;C:\Users\kalpesh.deore\.m2\repository\com\amazonaws\aws-java-sdk-iot\1.11.490\aws-java-sdk-iot-1.11.490.jar;C:\Users\kalpesh.deore\.m2\repository\com\amazonaws\aws-java-sdk-api-gateway\1.11.490\aws-java-sdk-api-gateway-1.11.490.jar;C:\Users\kalpesh.deore\.m2\repository\com\amazonaws\aws-java-sdk-acm\1.11.490\aws-java-sdk-acm-1.11.490.jar;C:\Users\kalpesh.deore\.m2\repository\com\amazonaws\aws-java-sdk-gamelift\1.11.490\aws-java-sdk-gamelift-1.11.490.jar;C:\Users\kalpesh.deore\.m2\repository\com\amazonaws\aws-java-sdk-dms\1.11.490\aws-java-sdk-dms-1.11.490.jar;C:\Users\kalpesh.deore\.m2\repository\com\amazonaws\aws-java-sdk-marketplacemeteringservice\1.11.490\aws-java-sdk-marketplacemeteringservice-1.11.490.jar;C:\Users\kalpesh.deore\.m2\repository\com\amazonaws\aws-java-sdk-cognitoidp\1.11.490\aws-java-sdk-cognitoidp-1.11.490.jar;C:\Users\kalpesh.deore\.m2\repository\com\amazonaws\aws-java-sdk-discovery\1.11.490\aws-java-sdk-discovery-1.11.490.jar;C:\Users\kalpesh.deore\.m2\repository\com\amazonaws\aws-java-sdk-applicationautoscaling\1.11.490\aws-java-sdk-applicationautoscaling-1.11.490.jar;C:\Users\kalpesh.deore\.m2\repository\com\amazonaws\aws-java-sdk-snowball\1.11.490\aws-java-sdk-snowball-1.11.490.jar;C:\Users\kalpesh.deore\.m2\repository\com\amazonaws\aws-java-sdk-rekognition\1.11.490\aws-java-sdk-rekognition-1.11.490.jar;C:\Users\kalpesh.deore\.m2\repository\com\amazonaws\aws-java-sdk-polly\1.11.490\aws-java-sdk-polly-1.11.490.jar;C:\Users\kalpesh.deore\.m2\repository\com\amazonaws\aws-java-sdk-lightsail\1.11.490\aws-java-sdk-lightsail-1.11.490.jar;C:\Users\kalpesh.deore\.m2\repository\com\amazonaws\aws-java-sdk-stepfunctions\1.11.490\aws-java-sdk-stepfunctions-1.11.490.jar;C:\Users\kalpesh.deore\.m2\repository\com\amazonaws\aws-java-sdk-health\1.11.490\aws-java-sdk-health-1.11.490.jar;C:\Users\kalpesh.deore\.m2\repository\com\amazonaws\aws-java-sdk-costandusagereport\1.11.490\aws-java-sdk-costandusagereport-1.11.490.jar;C:\Users\kalpesh.deore\.m2\repository\com\amazonaws\aws-java-sdk-codebuild\1.11.490\aws-java-sdk-codebuild-1.11.490.jar;C:\Users\kalpesh.deore\.m2\repository\com\amazonaws\aws-java-sdk-appstream\1.11.490\aws-java-sdk-appstream-1.11.490.jar;C:\Users\kalpesh.deore\.m2\repository\com\amazonaws\aws-java-sdk-shield\1.11.490\aws-java-sdk-shield-1.11.490.jar;C:\Users\kalpesh.deore\.m2\repository\com\amazonaws\aws-java-sdk-batch\1.11.490\aws-java-sdk-batch-1.11.490.jar;C:\Users\kalpesh.deore\.m2\repository\com\amazonaws\aws-java-sdk-lex\1.11.490\aws-java-sdk-lex-1.11.490.jar;C:\Users\kalpesh.deore\.m2\repository\com\amazonaws\aws-java-sdk-mechanicalturkrequester\1.11.490\aws-java-sdk-mechanicalturkrequester-1.11.490.jar;C:\Users\kalpesh.deore\.m2\repository\com\amazonaws\aws-java-sdk-organizations\1.11.490\aws-java-sdk-organizations-1.11.490.jar;C:\Users\kalpesh.deore\.m2\repository\com\amazonaws\aws-java-sdk-workdocs\1.11.490\aws-java-sdk-workdocs-1.11.490.jar;C:\Users\kalpesh.deore\.m2\repository\com\amazonaws\aws-java-sdk-core\1.11.490\aws-java-sdk-core-1.11.490.jar;C:\Users\kalpesh.deore\.m2\repository\software\amazon\ion\ion-java\1.0.2\ion-java-1.0.2.jar;C:\Users\kalpesh.deore\.m2\repository\com\fasterxml\jackson\core\jackson-databind\2.6.7.2\jackson-databind-2.6.7.2.jar;C:\Users\kalpesh.deore\.m2\repository\com\fasterxml\jackson\core\jackson-annotations\2.6.0\jackson-annotations-2.6.0.jar;C:\Users\kalpesh.deore\.m2\repository\com\fasterxml\jackson\core\jackson-core\2.6.7\jackson-core-2.6.7.jar;C:\Users\kalpesh.deore\.m2\repository\com\fasterxml\jackson\dataformat\jackson-dataformat-cbor\2.6.7\jackson-dataformat-cbor-2.6.7.jar;C:\Users\kalpesh.deore\.m2\repository\joda-time\joda-time\2.8.1\joda-time-2.8.1.jar;C:\Users\kalpesh.deore\.m2\repository\com\amazonaws\aws-java-sdk-models\1.11.490\aws-java-sdk-models-1.11.490.jar;C:\Users\kalpesh.deore\.m2\repository\com\amazonaws\aws-java-sdk-swf-libraries\1.11.22\aws-java-sdk-swf-libraries-1.11.22.jar;C:\Users\kalpesh.deore\.m2\repository\com\jayway\jsonpath\json-path\2.4.0\json-path-2.4.0.jar;C:\Users\kalpesh.deore\.m2\repository\net\minidev\json-smart\2.3\json-smart-2.3.jar;C:\Users\kalpesh.deore\.m2\repository\net\minidev\accessors-smart\1.2\accessors-smart-1.2.jar;C:\Users\kalpesh.deore\.m2\repository\org\ow2\asm\asm\5.0.4\asm-5.0.4.jar;"/>
    <property name="java.vm.vendor" value="Oracle Corporation"/>
    <property name="sun.arch.data.model" value="64"/>
    <property name="user.variant" value=""/>
    <property name="java.vendor.url" value="https://java.oracle.com/"/>
    <property name="user.timezone" value="Asia/Calcutta"/>
    <property name="os.name" value="Windows 11"/>
    <property name="java.vm.specification.version" value="21"/>
    <property name="sun.java.launcher" value="SUN_STANDARD"/>
    <property name="user.country" value="US"/>
    <property name="sun.boot.library.path" value="C:\Program Files\Java\jdk-21\bin"/>
    <property name="sun.java.command" value="C:\Users\kalpesh.deore\AppData\Local\Temp\surefire2948662317852984339\surefirebooter-20250811152359588_3.jar C:\Users\kalpesh.deore\AppData\Local\Temp\surefire2948662317852984339 2025-08-11T15-23-59_153-jvmRun1 surefire-20250811152359588_1tmp surefire_0-20250811152359588_2tmp"/>
    <property name="jdk.debug" value="release"/>
    <property name="surefire.test.class.path" value="C:\Users\kalpesh.deore\eclipse-workspace\rspl_Automation\rspl_qa_training_certification_r-d\target\test-classes;C:\Users\kalpesh.deore\eclipse-workspace\rspl_Automation\rspl_qa_training_certification_r-d\target\classes;C:\Users\kalpesh.deore\.m2\repository\org\seleniumhq\selenium\selenium-java\4.11.0\selenium-java-4.11.0.jar;C:\Users\kalpesh.deore\.m2\repository\org\seleniumhq\selenium\selenium-api\4.11.0\selenium-api-4.11.0.jar;C:\Users\kalpesh.deore\.m2\repository\org\seleniumhq\selenium\selenium-chrome-driver\4.11.0\selenium-chrome-driver-4.11.0.jar;C:\Users\kalpesh.deore\.m2\repository\com\google\auto\service\auto-service-annotations\1.0.1\auto-service-annotations-1.0.1.jar;C:\Users\kalpesh.deore\.m2\repository\com\google\guava\guava\31.1-jre\guava-31.1-jre.jar;C:\Users\kalpesh.deore\.m2\repository\com\google\guava\failureaccess\1.0.1\failureaccess-1.0.1.jar;C:\Users\kalpesh.deore\.m2\repository\com\google\guava\listenablefuture\9999.0-empty-to-avoid-conflict-with-guava\listenablefuture-9999.0-empty-to-avoid-conflict-with-guava.jar;C:\Users\kalpesh.deore\.m2\repository\com\google\code\findbugs\jsr305\3.0.2\jsr305-3.0.2.jar;C:\Users\kalpesh.deore\.m2\repository\org\checkerframework\checker-qual\3.12.0\checker-qual-3.12.0.jar;C:\Users\kalpesh.deore\.m2\repository\com\google\errorprone\error_prone_annotations\2.11.0\error_prone_annotations-2.11.0.jar;C:\Users\kalpesh.deore\.m2\repository\com\google\j2objc\j2objc-annotations\1.3\j2objc-annotations-1.3.jar;C:\Users\kalpesh.deore\.m2\repository\org\seleniumhq\selenium\selenium-chromium-driver\4.11.0\selenium-chromium-driver-4.11.0.jar;C:\Users\kalpesh.deore\.m2\repository\org\seleniumhq\selenium\selenium-json\4.11.0\selenium-json-4.11.0.jar;C:\Users\kalpesh.deore\.m2\repository\org\seleniumhq\selenium\selenium-manager\4.11.0\selenium-manager-4.11.0.jar;C:\Users\kalpesh.deore\.m2\repository\org\seleniumhq\selenium\selenium-devtools-v113\4.11.0\selenium-devtools-v113-4.11.0.jar;C:\Users\kalpesh.deore\.m2\repository\org\seleniumhq\selenium\selenium-devtools-v114\4.11.0\selenium-devtools-v114-4.11.0.jar;C:\Users\kalpesh.deore\.m2\repository\org\seleniumhq\selenium\selenium-devtools-v115\4.11.0\selenium-devtools-v115-4.11.0.jar;C:\Users\kalpesh.deore\.m2\repository\org\seleniumhq\selenium\selenium-devtools-v85\4.11.0\selenium-devtools-v85-4.11.0.jar;C:\Users\kalpesh.deore\.m2\repository\org\seleniumhq\selenium\selenium-edge-driver\4.11.0\selenium-edge-driver-4.11.0.jar;C:\Users\kalpesh.deore\.m2\repository\org\seleniumhq\selenium\selenium-firefox-driver\4.11.0\selenium-firefox-driver-4.11.0.jar;C:\Users\kalpesh.deore\.m2\repository\org\seleniumhq\selenium\selenium-http\4.11.0\selenium-http-4.11.0.jar;C:\Users\kalpesh.deore\.m2\repository\dev\failsafe\failsafe\3.3.1\failsafe-3.3.1.jar;C:\Users\kalpesh.deore\.m2\repository\org\seleniumhq\selenium\selenium-ie-driver\4.11.0\selenium-ie-driver-4.11.0.jar;C:\Users\kalpesh.deore\.m2\repository\org\seleniumhq\selenium\selenium-remote-driver\4.11.0\selenium-remote-driver-4.11.0.jar;C:\Users\kalpesh.deore\.m2\repository\io\netty\netty-buffer\4.1.92.Final\netty-buffer-4.1.92.Final.jar;C:\Users\kalpesh.deore\.m2\repository\io\netty\netty-codec-http\4.1.92.Final\netty-codec-http-4.1.92.Final.jar;C:\Users\kalpesh.deore\.m2\repository\io\netty\netty-codec\4.1.92.Final\netty-codec-4.1.92.Final.jar;C:\Users\kalpesh.deore\.m2\repository\io\netty\netty-common\4.1.92.Final\netty-common-4.1.92.Final.jar;C:\Users\kalpesh.deore\.m2\repository\io\netty\netty-transport-classes-epoll\4.1.92.Final\netty-transport-classes-epoll-4.1.92.Final.jar;C:\Users\kalpesh.deore\.m2\repository\io\netty\netty-transport-classes-kqueue\4.1.92.Final\netty-transport-classes-kqueue-4.1.92.Final.jar;C:\Users\kalpesh.deore\.m2\repository\io\netty\netty-transport-native-epoll\4.1.92.Final\netty-transport-native-epoll-4.1.92.Final.jar;C:\Users\kalpesh.deore\.m2\repository\io\netty\netty-transport-native-kqueue\4.1.92.Final\netty-transport-native-kqueue-4.1.92.Final.jar;C:\Users\kalpesh.deore\.m2\repository\io\netty\netty-transport-native-unix-common\4.1.92.Final\netty-transport-native-unix-common-4.1.92.Final.jar;C:\Users\kalpesh.deore\.m2\repository\io\netty\netty-transport\4.1.92.Final\netty-transport-4.1.92.Final.jar;C:\Users\kalpesh.deore\.m2\repository\io\netty\netty-resolver\4.1.92.Final\netty-resolver-4.1.92.Final.jar;C:\Users\kalpesh.deore\.m2\repository\io\opentelemetry\opentelemetry-api\1.26.0\opentelemetry-api-1.26.0.jar;C:\Users\kalpesh.deore\.m2\repository\io\opentelemetry\opentelemetry-context\1.26.0\opentelemetry-context-1.26.0.jar;C:\Users\kalpesh.deore\.m2\repository\io\opentelemetry\opentelemetry-exporter-logging\1.26.0\opentelemetry-exporter-logging-1.26.0.jar;C:\Users\kalpesh.deore\.m2\repository\io\opentelemetry\opentelemetry-sdk-metrics\1.26.0\opentelemetry-sdk-metrics-1.26.0.jar;C:\Users\kalpesh.deore\.m2\repository\io\opentelemetry\opentelemetry-extension-incubator\1.26.0-alpha\opentelemetry-extension-incubator-1.26.0-alpha.jar;C:\Users\kalpesh.deore\.m2\repository\io\opentelemetry\opentelemetry-sdk-logs\1.26.0-alpha\opentelemetry-sdk-logs-1.26.0-alpha.jar;C:\Users\kalpesh.deore\.m2\repository\io\opentelemetry\opentelemetry-api-logs\1.26.0-alpha\opentelemetry-api-logs-1.26.0-alpha.jar;C:\Users\kalpesh.deore\.m2\repository\io\opentelemetry\opentelemetry-api-events\1.26.0-alpha\opentelemetry-api-events-1.26.0-alpha.jar;C:\Users\kalpesh.deore\.m2\repository\io\opentelemetry\opentelemetry-sdk-common\1.26.0\opentelemetry-sdk-common-1.26.0.jar;C:\Users\kalpesh.deore\.m2\repository\io\opentelemetry\opentelemetry-sdk-extension-autoconfigure-spi\1.26.0\opentelemetry-sdk-extension-autoconfigure-spi-1.26.0.jar;C:\Users\kalpesh.deore\.m2\repository\io\opentelemetry\opentelemetry-sdk-extension-autoconfigure\1.26.0-alpha\opentelemetry-sdk-extension-autoconfigure-1.26.0-alpha.jar;C:\Users\kalpesh.deore\.m2\repository\io\opentelemetry\opentelemetry-sdk-trace\1.26.0\opentelemetry-sdk-trace-1.26.0.jar;C:\Users\kalpesh.deore\.m2\repository\io\opentelemetry\opentelemetry-sdk\1.26.0\opentelemetry-sdk-1.26.0.jar;C:\Users\kalpesh.deore\.m2\repository\io\opentelemetry\opentelemetry-semconv\1.26.0-alpha\opentelemetry-semconv-1.26.0-alpha.jar;C:\Users\kalpesh.deore\.m2\repository\net\bytebuddy\byte-buddy\1.14.4\byte-buddy-1.14.4.jar;C:\Users\kalpesh.deore\.m2\repository\org\apache\commons\commons-exec\1.3\commons-exec-1.3.jar;C:\Users\kalpesh.deore\.m2\repository\org\asynchttpclient\async-http-client\2.12.3\async-http-client-2.12.3.jar;C:\Users\kalpesh.deore\.m2\repository\org\asynchttpclient\async-http-client-netty-utils\2.12.3\async-http-client-netty-utils-2.12.3.jar;C:\Users\kalpesh.deore\.m2\repository\io\netty\netty-codec-socks\4.1.60.Final\netty-codec-socks-4.1.60.Final.jar;C:\Users\kalpesh.deore\.m2\repository\io\netty\netty-handler-proxy\4.1.60.Final\netty-handler-proxy-4.1.60.Final.jar;C:\Users\kalpesh.deore\.m2\repository\io\netty\netty-transport-native-epoll\4.1.60.Final\netty-transport-native-epoll-4.1.60.Final-linux-x86_64.jar;C:\Users\kalpesh.deore\.m2\repository\io\netty\netty-transport-native-kqueue\4.1.60.Final\netty-transport-native-kqueue-4.1.60.Final-osx-x86_64.jar;C:\Users\kalpesh.deore\.m2\repository\org\reactivestreams\reactive-streams\1.0.3\reactive-streams-1.0.3.jar;C:\Users\kalpesh.deore\.m2\repository\com\typesafe\netty\netty-reactive-streams\2.0.4\netty-reactive-streams-2.0.4.jar;C:\Users\kalpesh.deore\.m2\repository\com\sun\activation\jakarta.activation\1.2.2\jakarta.activation-1.2.2.jar;C:\Users\kalpesh.deore\.m2\repository\org\seleniumhq\selenium\selenium-safari-driver\4.11.0\selenium-safari-driver-4.11.0.jar;C:\Users\kalpesh.deore\.m2\repository\org\seleniumhq\selenium\selenium-support\4.11.0\selenium-support-4.11.0.jar;C:\Users\kalpesh.deore\.m2\repository\org\testng\testng\7.1.0\testng-7.1.0.jar;C:\Users\kalpesh.deore\.m2\repository\com\beust\jcommander\1.72\jcommander-1.72.jar;C:\Users\kalpesh.deore\.m2\repository\com\google\inject\guice\4.1.0\guice-4.1.0-no_aop.jar;C:\Users\kalpesh.deore\.m2\repository\javax\inject\javax.inject\1\javax.inject-1.jar;C:\Users\kalpesh.deore\.m2\repository\aopalliance\aopalliance\1.0\aopalliance-1.0.jar;C:\Users\kalpesh.deore\.m2\repository\org\yaml\snakeyaml\1.21\snakeyaml-1.21.jar;C:\Users\kalpesh.deore\.m2\repository\org\jsoup\jsoup\1.7.2\jsoup-1.7.2.jar;C:\Users\kalpesh.deore\.m2\repository\org\apache\poi\poi\4.0.1\poi-4.0.1.jar;C:\Users\kalpesh.deore\.m2\repository\commons-codec\commons-codec\1.11\commons-codec-1.11.jar;C:\Users\kalpesh.deore\.m2\repository\org\apache\commons\commons-collections4\4.2\commons-collections4-4.2.jar;C:\Users\kalpesh.deore\.m2\repository\org\apache\commons\commons-math3\3.6.1\commons-math3-3.6.1.jar;C:\Users\kalpesh.deore\.m2\repository\org\apache\poi\poi-ooxml\4.0.1\poi-ooxml-4.0.1.jar;C:\Users\kalpesh.deore\.m2\repository\org\apache\commons\commons-compress\1.18\commons-compress-1.18.jar;C:\Users\kalpesh.deore\.m2\repository\com\github\virtuald\curvesapi\1.05\curvesapi-1.05.jar;C:\Users\kalpesh.deore\.m2\repository\com\aventstack\extentreports\4.1.7\extentreports-4.1.7.jar;C:\Users\kalpesh.deore\.m2\repository\org\freemarker\freemarker\2.3.29\freemarker-2.3.29.jar;C:\Users\kalpesh.deore\.m2\repository\org\apache\httpcomponents\httpmime\4.5.2\httpmime-4.5.2.jar;C:\Users\kalpesh.deore\.m2\repository\org\mongodb\mongodb-driver\3.12.0\mongodb-driver-3.12.0.jar;C:\Users\kalpesh.deore\.m2\repository\org\mongodb\mongodb-driver-core\3.12.0\mongodb-driver-core-3.12.0.jar;C:\Users\kalpesh.deore\.m2\repository\org\mongodb\bson\3.12.0\bson-3.12.0.jar;C:\Users\kalpesh.deore\.m2\repository\io\github\bonigarcia\webdrivermanager\5.5.3\webdrivermanager-5.5.3.jar;C:\Users\kalpesh.deore\.m2\repository\org\slf4j\slf4j-api\2.0.7\slf4j-api-2.0.7.jar;C:\Users\kalpesh.deore\.m2\repository\com\github\docker-java\docker-java\3.3.3\docker-java-3.3.3.jar;C:\Users\kalpesh.deore\.m2\repository\com\github\docker-java\docker-java-core\3.3.3\docker-java-core-3.3.3.jar;C:\Users\kalpesh.deore\.m2\repository\com\github\docker-java\docker-java-api\3.3.3\docker-java-api-3.3.3.jar;C:\Users\kalpesh.deore\.m2\repository\commons-io\commons-io\2.6\commons-io-2.6.jar;C:\Users\kalpesh.deore\.m2\repository\org\bouncycastle\bcpkix-jdk18on\1.75\bcpkix-jdk18on-1.75.jar;C:\Users\kalpesh.deore\.m2\repository\org\bouncycastle\bcprov-jdk18on\1.75\bcprov-jdk18on-1.75.jar;C:\Users\kalpesh.deore\.m2\repository\org\bouncycastle\bcutil-jdk18on\1.75\bcutil-jdk18on-1.75.jar;C:\Users\kalpesh.deore\.m2\repository\org\slf4j\jcl-over-slf4j\1.7.30\jcl-over-slf4j-1.7.30.jar;C:\Users\kalpesh.deore\.m2\repository\com\github\docker-java\docker-java-transport-httpclient5\3.3.3\docker-java-transport-httpclient5-3.3.3.jar;C:\Users\kalpesh.deore\.m2\repository\com\github\docker-java\docker-java-transport\3.3.3\docker-java-transport-3.3.3.jar;C:\Users\kalpesh.deore\.m2\repository\net\java\dev\jna\jna\5.12.1\jna-5.12.1.jar;C:\Users\kalpesh.deore\.m2\repository\org\brotli\dec\0.1.2\dec-0.1.2.jar;C:\Users\kalpesh.deore\.m2\repository\org\apache\commons\commons-lang3\3.13.0\commons-lang3-3.13.0.jar;C:\Users\kalpesh.deore\.m2\repository\org\apache\httpcomponents\client5\httpclient5\5.2.1\httpclient5-5.2.1.jar;C:\Users\kalpesh.deore\.m2\repository\org\apache\httpcomponents\core5\httpcore5\5.2\httpcore5-5.2.jar;C:\Users\kalpesh.deore\.m2\repository\org\apache\httpcomponents\core5\httpcore5-h2\5.2\httpcore5-h2-5.2.jar;C:\Users\kalpesh.deore\.m2\repository\net\lingala\zip4j\zip4j\2.3.1\zip4j-2.3.1.jar;C:\Users\kalpesh.deore\.m2\repository\org\apache\logging\log4j\log4j-core\2.22.0\log4j-core-2.22.0.jar;C:\Users\kalpesh.deore\.m2\repository\org\apache\logging\log4j\log4j-api\2.22.0\log4j-api-2.22.0.jar;C:\Users\kalpesh.deore\.m2\repository\log4j\log4j\1.2.17\log4j-1.2.17.jar;C:\Users\kalpesh.deore\.m2\repository\org\apache\pdfbox\pdfbox\2.0.22\pdfbox-2.0.22.jar;C:\Users\kalpesh.deore\.m2\repository\org\apache\pdfbox\fontbox\2.0.22\fontbox-2.0.22.jar;C:\Users\kalpesh.deore\.m2\repository\commons-logging\commons-logging\1.2\commons-logging-1.2.jar;C:\Users\kalpesh.deore\.m2\repository\mysql\mysql-connector-java\8.0.28\mysql-connector-java-8.0.28.jar;C:\Users\kalpesh.deore\.m2\repository\com\google\protobuf\protobuf-java\3.11.4\protobuf-java-3.11.4.jar;C:\Users\kalpesh.deore\.m2\repository\org\skyscreamer\jsonassert\1.5.0\jsonassert-1.5.0.jar;C:\Users\kalpesh.deore\.m2\repository\com\vaadin\external\google\android-json\0.0.20131108.vaadin1\android-json-0.0.20131108.vaadin1.jar;C:\Users\kalpesh.deore\.m2\repository\com\github\javafaker\javafaker\1.0.2\javafaker-1.0.2.jar;C:\Users\kalpesh.deore\.m2\repository\org\yaml\snakeyaml\1.23\snakeyaml-1.23-android.jar;C:\Users\kalpesh.deore\.m2\repository\com\github\mifmif\generex\1.0.2\generex-1.0.2.jar;C:\Users\kalpesh.deore\.m2\repository\dk\brics\automaton\automaton\1.11-8\automaton-1.11-8.jar;C:\Users\kalpesh.deore\.m2\repository\javax\mail\javax.mail-api\1.6.2\javax.mail-api-1.6.2.jar;C:\Users\kalpesh.deore\.m2\repository\com\sun\mail\javax.mail\1.6.2\javax.mail-1.6.2.jar;C:\Users\kalpesh.deore\.m2\repository\io\qameta\allure\allure-testng\2.24.0\allure-testng-2.24.0.jar;C:\Users\kalpesh.deore\.m2\repository\io\qameta\allure\allure-java-commons\2.24.0\allure-java-commons-2.24.0.jar;C:\Users\kalpesh.deore\.m2\repository\io\qameta\allure\allure-model\2.24.0\allure-model-2.24.0.jar;C:\Users\kalpesh.deore\.m2\repository\io\qameta\allure\allure-test-filter\2.24.0\allure-test-filter-2.24.0.jar;C:\Users\kalpesh.deore\.m2\repository\com\google\code\gson\gson\2.8.5\gson-2.8.5.jar;C:\Users\kalpesh.deore\.m2\repository\io\rest-assured\rest-assured\5.5.0\rest-assured-5.5.0.jar;C:\Users\kalpesh.deore\.m2\repository\org\apache\groovy\groovy\4.0.22\groovy-4.0.22.jar;C:\Users\kalpesh.deore\.m2\repository\org\apache\groovy\groovy-xml\4.0.22\groovy-xml-4.0.22.jar;C:\Users\kalpesh.deore\.m2\repository\org\hamcrest\hamcrest\2.2\hamcrest-2.2.jar;C:\Users\kalpesh.deore\.m2\repository\org\ccil\cowan\tagsoup\tagsoup\1.2.1\tagsoup-1.2.1.jar;C:\Users\kalpesh.deore\.m2\repository\io\rest-assured\json-path\5.5.0\json-path-5.5.0.jar;C:\Users\kalpesh.deore\.m2\repository\org\apache\groovy\groovy-json\4.0.22\groovy-json-4.0.22.jar;C:\Users\kalpesh.deore\.m2\repository\io\rest-assured\rest-assured-common\5.5.0\rest-assured-common-5.5.0.jar;C:\Users\kalpesh.deore\.m2\repository\io\rest-assured\xml-path\5.5.0\xml-path-5.5.0.jar;C:\Users\kalpesh.deore\.m2\repository\commons-httpclient\commons-httpclient\3.1\commons-httpclient-3.1.jar;C:\Users\kalpesh.deore\.m2\repository\dom4j\dom4j\1.6.1\dom4j-1.6.1.jar;C:\Users\kalpesh.deore\.m2\repository\net\sf\saxon\saxon-dom\8.7\saxon-dom-8.7.jar;C:\Users\kalpesh.deore\.m2\repository\net\sf\saxon\saxon\8.7\saxon-8.7.jar;C:\Users\kalpesh.deore\.m2\repository\org\apache\httpcomponents\httpclient\4.5.6\httpclient-4.5.6.jar;C:\Users\kalpesh.deore\.m2\repository\org\apache\httpcomponents\httpcore\4.4.10\httpcore-4.4.10.jar;C:\Users\kalpesh.deore\.m2\repository\net\sourceforge\jexcelapi\jxl\2.6.12\jxl-2.6.12.jar;C:\Users\kalpesh.deore\.m2\repository\org\apache\poi\poi-ooxml-schemas\4.0.1\poi-ooxml-schemas-4.0.1.jar;C:\Users\kalpesh.deore\.m2\repository\org\apache\xmlbeans\xmlbeans\3.0.2\xmlbeans-3.0.2.jar;C:\Users\kalpesh.deore\.m2\repository\xml-apis\xml-apis\1.4.01\xml-apis-1.4.01.jar;C:\Users\kalpesh.deore\.m2\repository\javax\activation\activation\1.1.1\activation-1.1.1.jar;C:\Users\kalpesh.deore\.m2\repository\com\jcraft\jsch\0.1.54\jsch-0.1.54.jar;C:\Users\kalpesh.deore\.m2\repository\com\amazonaws\aws-java-sdk\1.11.490\aws-java-sdk-1.11.490.jar;C:\Users\kalpesh.deore\.m2\repository\com\amazonaws\aws-java-sdk-worklink\1.11.490\aws-java-sdk-worklink-1.11.490.jar;C:\Users\kalpesh.deore\.m2\repository\com\amazonaws\jmespath-java\1.11.490\jmespath-java-1.11.490.jar;C:\Users\kalpesh.deore\.m2\repository\com\amazonaws\aws-java-sdk-backup\1.11.490\aws-java-sdk-backup-1.11.490.jar;C:\Users\kalpesh.deore\.m2\repository\com\amazonaws\aws-java-sdk-docdb\1.11.490\aws-java-sdk-docdb-1.11.490.jar;C:\Users\kalpesh.deore\.m2\repository\com\amazonaws\aws-java-sdk-apigatewayv2\1.11.490\aws-java-sdk-apigatewayv2-1.11.490.jar;C:\Users\kalpesh.deore\.m2\repository\com\amazonaws\aws-java-sdk-apigatewaymanagementapi\1.11.490\aws-java-sdk-apigatewaymanagementapi-1.11.490.jar;C:\Users\kalpesh.deore\.m2\repository\com\amazonaws\aws-java-sdk-kafka\1.11.490\aws-java-sdk-kafka-1.11.490.jar;C:\Users\kalpesh.deore\.m2\repository\com\amazonaws\aws-java-sdk-appmesh\1.11.490\aws-java-sdk-appmesh-1.11.490.jar;C:\Users\kalpesh.deore\.m2\repository\com\amazonaws\aws-java-sdk-licensemanager\1.11.490\aws-java-sdk-licensemanager-1.11.490.jar;C:\Users\kalpesh.deore\.m2\repository\com\amazonaws\aws-java-sdk-securityhub\1.11.490\aws-java-sdk-securityhub-1.11.490.jar;C:\Users\kalpesh.deore\.m2\repository\com\amazonaws\aws-java-sdk-fsx\1.11.490\aws-java-sdk-fsx-1.11.490.jar;C:\Users\kalpesh.deore\.m2\repository\com\amazonaws\aws-java-sdk-mediaconnect\1.11.490\aws-java-sdk-mediaconnect-1.11.490.jar;C:\Users\kalpesh.deore\.m2\repository\com\amazonaws\aws-java-sdk-kinesisanalyticsv2\1.11.490\aws-java-sdk-kinesisanalyticsv2-1.11.490.jar;C:\Users\kalpesh.deore\.m2\repository\com\amazonaws\aws-java-sdk-comprehendmedical\1.11.490\aws-java-sdk-comprehendmedical-1.11.490.jar;C:\Users\kalpesh.deore\.m2\repository\com\amazonaws\aws-java-sdk-globalaccelerator\1.11.490\aws-java-sdk-globalaccelerator-1.11.490.jar;C:\Users\kalpesh.deore\.m2\repository\com\amazonaws\aws-java-sdk-transfer\1.11.490\aws-java-sdk-transfer-1.11.490.jar;C:\Users\kalpesh.deore\.m2\repository\com\amazonaws\aws-java-sdk-datasync\1.11.490\aws-java-sdk-datasync-1.11.490.jar;C:\Users\kalpesh.deore\.m2\repository\com\amazonaws\aws-java-sdk-robomaker\1.11.490\aws-java-sdk-robomaker-1.11.490.jar;C:\Users\kalpesh.deore\.m2\repository\com\amazonaws\aws-java-sdk-amplify\1.11.490\aws-java-sdk-amplify-1.11.490.jar;C:\Users\kalpesh.deore\.m2\repository\com\amazonaws\aws-java-sdk-quicksight\1.11.490\aws-java-sdk-quicksight-1.11.490.jar;C:\Users\kalpesh.deore\.m2\repository\com\amazonaws\aws-java-sdk-rdsdata\1.11.490\aws-java-sdk-rdsdata-1.11.490.jar;C:\Users\kalpesh.deore\.m2\repository\com\amazonaws\aws-java-sdk-route53resolver\1.11.490\aws-java-sdk-route53resolver-1.11.490.jar;C:\Users\kalpesh.deore\.m2\repository\com\amazonaws\aws-java-sdk-ram\1.11.490\aws-java-sdk-ram-1.11.490.jar;C:\Users\kalpesh.deore\.m2\repository\com\amazonaws\aws-java-sdk-s3control\1.11.490\aws-java-sdk-s3control-1.11.490.jar;C:\Users\kalpesh.deore\.m2\repository\com\amazonaws\aws-java-sdk-pinpointsmsvoice\1.11.490\aws-java-sdk-pinpointsmsvoice-1.11.490.jar;C:\Users\kalpesh.deore\.m2\repository\com\amazonaws\aws-java-sdk-pinpointemail\1.11.490\aws-java-sdk-pinpointemail-1.11.490.jar;C:\Users\kalpesh.deore\.m2\repository\com\amazonaws\aws-java-sdk-chime\1.11.490\aws-java-sdk-chime-1.11.490.jar;C:\Users\kalpesh.deore\.m2\repository\com\amazonaws\aws-java-sdk-signer\1.11.490\aws-java-sdk-signer-1.11.490.jar;C:\Users\kalpesh.deore\.m2\repository\com\amazonaws\aws-java-sdk-dlm\1.11.490\aws-java-sdk-dlm-1.11.490.jar;C:\Users\kalpesh.deore\.m2\repository\com\amazonaws\aws-java-sdk-macie\1.11.490\aws-java-sdk-macie-1.11.490.jar;C:\Users\kalpesh.deore\.m2\repository\com\amazonaws\aws-java-sdk-eks\1.11.490\aws-java-sdk-eks-1.11.490.jar;C:\Users\kalpesh.deore\.m2\repository\com\amazonaws\aws-java-sdk-mediatailor\1.11.490\aws-java-sdk-mediatailor-1.11.490.jar;C:\Users\kalpesh.deore\.m2\repository\com\amazonaws\aws-java-sdk-neptune\1.11.490\aws-java-sdk-neptune-1.11.490.jar;C:\Users\kalpesh.deore\.m2\repository\com\amazonaws\aws-java-sdk-pi\1.11.490\aws-java-sdk-pi-1.11.490.jar;C:\Users\kalpesh.deore\.m2\repository\com\amazonaws\aws-java-sdk-iot1clickprojects\1.11.490\aws-java-sdk-iot1clickprojects-1.11.490.jar;C:\Users\kalpesh.deore\.m2\repository\com\amazonaws\aws-java-sdk-iot1clickdevices\1.11.490\aws-java-sdk-iot1clickdevices-1.11.490.jar;C:\Users\kalpesh.deore\.m2\repository\com\amazonaws\aws-java-sdk-iotanalytics\1.11.490\aws-java-sdk-iotanalytics-1.11.490.jar;C:\Users\kalpesh.deore\.m2\repository\com\amazonaws\aws-java-sdk-acmpca\1.11.490\aws-java-sdk-acmpca-1.11.490.jar;C:\Users\kalpesh.deore\.m2\repository\com\amazonaws\aws-java-sdk-secretsmanager\1.11.490\aws-java-sdk-secretsmanager-1.11.490.jar;C:\Users\kalpesh.deore\.m2\repository\com\amazonaws\aws-java-sdk-fms\1.11.490\aws-java-sdk-fms-1.11.490.jar;C:\Users\kalpesh.deore\.m2\repository\com\amazonaws\aws-java-sdk-connect\1.11.490\aws-java-sdk-connect-1.11.490.jar;C:\Users\kalpesh.deore\.m2\repository\com\amazonaws\aws-java-sdk-transcribe\1.11.490\aws-java-sdk-transcribe-1.11.490.jar;C:\Users\kalpesh.deore\.m2\repository\com\amazonaws\aws-java-sdk-autoscalingplans\1.11.490\aws-java-sdk-autoscalingplans-1.11.490.jar;C:\Users\kalpesh.deore\.m2\repository\com\amazonaws\aws-java-sdk-workmail\1.11.490\aws-java-sdk-workmail-1.11.490.jar;C:\Users\kalpesh.deore\.m2\repository\com\amazonaws\aws-java-sdk-servicediscovery\1.11.490\aws-java-sdk-servicediscovery-1.11.490.jar;C:\Users\kalpesh.deore\.m2\repository\com\amazonaws\aws-java-sdk-cloud9\1.11.490\aws-java-sdk-cloud9-1.11.490.jar;C:\Users\kalpesh.deore\.m2\repository\com\amazonaws\aws-java-sdk-serverlessapplicationrepository\1.11.490\aws-java-sdk-serverlessapplicationrepository-1.11.490.jar;C:\Users\kalpesh.deore\.m2\repository\com\amazonaws\aws-java-sdk-alexaforbusiness\1.11.490\aws-java-sdk-alexaforbusiness-1.11.490.jar;C:\Users\kalpesh.deore\.m2\repository\com\amazonaws\aws-java-sdk-resourcegroups\1.11.490\aws-java-sdk-resourcegroups-1.11.490.jar;C:\Users\kalpesh.deore\.m2\repository\com\amazonaws\aws-java-sdk-comprehend\1.11.490\aws-java-sdk-comprehend-1.11.490.jar;C:\Users\kalpesh.deore\.m2\repository\com\amazonaws\aws-java-sdk-translate\1.11.490\aws-java-sdk-translate-1.11.490.jar;C:\Users\kalpesh.deore\.m2\repository\com\amazonaws\aws-java-sdk-sagemaker\1.11.490\aws-java-sdk-sagemaker-1.11.490.jar;C:\Users\kalpesh.deore\.m2\repository\com\amazonaws\aws-java-sdk-iotjobsdataplane\1.11.490\aws-java-sdk-iotjobsdataplane-1.11.490.jar;C:\Users\kalpesh.deore\.m2\repository\com\amazonaws\aws-java-sdk-sagemakerruntime\1.11.490\aws-java-sdk-sagemakerruntime-1.11.490.jar;C:\Users\kalpesh.deore\.m2\repository\com\amazonaws\aws-java-sdk-kinesisvideo\1.11.490\aws-java-sdk-kinesisvideo-1.11.490.jar;C:\Users\kalpesh.deore\.m2\repository\io\netty\netty-handler\4.1.17.Final\netty-handler-4.1.17.Final.jar;C:\Users\kalpesh.deore\.m2\repository\com\amazonaws\aws-java-sdk-appsync\1.11.490\aws-java-sdk-appsync-1.11.490.jar;C:\Users\kalpesh.deore\.m2\repository\com\amazonaws\aws-java-sdk-guardduty\1.11.490\aws-java-sdk-guardduty-1.11.490.jar;C:\Users\kalpesh.deore\.m2\repository\com\amazonaws\aws-java-sdk-mq\1.11.490\aws-java-sdk-mq-1.11.490.jar;C:\Users\kalpesh.deore\.m2\repository\com\amazonaws\aws-java-sdk-mediaconvert\1.11.490\aws-java-sdk-mediaconvert-1.11.490.jar;C:\Users\kalpesh.deore\.m2\repository\com\amazonaws\aws-java-sdk-mediastore\1.11.490\aws-java-sdk-mediastore-1.11.490.jar;C:\Users\kalpesh.deore\.m2\repository\com\amazonaws\aws-java-sdk-mediastoredata\1.11.490\aws-java-sdk-mediastoredata-1.11.490.jar;C:\Users\kalpesh.deore\.m2\repository\com\amazonaws\aws-java-sdk-medialive\1.11.490\aws-java-sdk-medialive-1.11.490.jar;C:\Users\kalpesh.deore\.m2\repository\com\amazonaws\aws-java-sdk-mediapackage\1.11.490\aws-java-sdk-mediapackage-1.11.490.jar;C:\Users\kalpesh.deore\.m2\repository\com\amazonaws\aws-java-sdk-costexplorer\1.11.490\aws-java-sdk-costexplorer-1.11.490.jar;C:\Users\kalpesh.deore\.m2\repository\com\amazonaws\aws-java-sdk-pricing\1.11.490\aws-java-sdk-pricing-1.11.490.jar;C:\Users\kalpesh.deore\.m2\repository\com\amazonaws\aws-java-sdk-mobile\1.11.490\aws-java-sdk-mobile-1.11.490.jar;C:\Users\kalpesh.deore\.m2\repository\com\amazonaws\aws-java-sdk-cloudhsmv2\1.11.490\aws-java-sdk-cloudhsmv2-1.11.490.jar;C:\Users\kalpesh.deore\.m2\repository\com\amazonaws\aws-java-sdk-glue\1.11.490\aws-java-sdk-glue-1.11.490.jar;C:\Users\kalpesh.deore\.m2\repository\com\amazonaws\aws-java-sdk-migrationhub\1.11.490\aws-java-sdk-migrationhub-1.11.490.jar;C:\Users\kalpesh.deore\.m2\repository\com\amazonaws\aws-java-sdk-dax\1.11.490\aws-java-sdk-dax-1.11.490.jar;C:\Users\kalpesh.deore\.m2\repository\com\amazonaws\aws-java-sdk-greengrass\1.11.490\aws-java-sdk-greengrass-1.11.490.jar;C:\Users\kalpesh.deore\.m2\repository\com\amazonaws\aws-java-sdk-athena\1.11.490\aws-java-sdk-athena-1.11.490.jar;C:\Users\kalpesh.deore\.m2\repository\com\amazonaws\aws-java-sdk-marketplaceentitlement\1.11.490\aws-java-sdk-marketplaceentitlement-1.11.490.jar;C:\Users\kalpesh.deore\.m2\repository\com\amazonaws\aws-java-sdk-codestar\1.11.490\aws-java-sdk-codestar-1.11.490.jar;C:\Users\kalpesh.deore\.m2\repository\com\amazonaws\aws-java-sdk-lexmodelbuilding\1.11.490\aws-java-sdk-lexmodelbuilding-1.11.490.jar;C:\Users\kalpesh.deore\.m2\repository\com\amazonaws\aws-java-sdk-resourcegroupstaggingapi\1.11.490\aws-java-sdk-resourcegroupstaggingapi-1.11.490.jar;C:\Users\kalpesh.deore\.m2\repository\com\amazonaws\aws-java-sdk-pinpoint\1.11.490\aws-java-sdk-pinpoint-1.11.490.jar;C:\Users\kalpesh.deore\.m2\repository\com\amazonaws\aws-java-sdk-xray\1.11.490\aws-java-sdk-xray-1.11.490.jar;C:\Users\kalpesh.deore\.m2\repository\com\amazonaws\aws-java-sdk-opsworkscm\1.11.490\aws-java-sdk-opsworkscm-1.11.490.jar;C:\Users\kalpesh.deore\.m2\repository\com\amazonaws\aws-java-sdk-support\1.11.490\aws-java-sdk-support-1.11.490.jar;C:\Users\kalpesh.deore\.m2\repository\com\amazonaws\aws-java-sdk-simpledb\1.11.490\aws-java-sdk-simpledb-1.11.490.jar;C:\Users\kalpesh.deore\.m2\repository\com\amazonaws\aws-java-sdk-servicecatalog\1.11.490\aws-java-sdk-servicecatalog-1.11.490.jar;C:\Users\kalpesh.deore\.m2\repository\com\amazonaws\aws-java-sdk-servermigration\1.11.490\aws-java-sdk-servermigration-1.11.490.jar;C:\Users\kalpesh.deore\.m2\repository\com\amazonaws\aws-java-sdk-simpleworkflow\1.11.490\aws-java-sdk-simpleworkflow-1.11.490.jar;C:\Users\kalpesh.deore\.m2\repository\com\amazonaws\aws-java-sdk-storagegateway\1.11.490\aws-java-sdk-storagegateway-1.11.490.jar;C:\Users\kalpesh.deore\.m2\repository\com\amazonaws\aws-java-sdk-route53\1.11.490\aws-java-sdk-route53-1.11.490.jar;C:\Users\kalpesh.deore\.m2\repository\com\amazonaws\aws-java-sdk-s3\1.11.490\aws-java-sdk-s3-1.11.490.jar;C:\Users\kalpesh.deore\.m2\repository\com\amazonaws\aws-java-sdk-importexport\1.11.490\aws-java-sdk-importexport-1.11.490.jar;C:\Users\kalpesh.deore\.m2\repository\com\amazonaws\aws-java-sdk-sts\1.11.490\aws-java-sdk-sts-1.11.490.jar;C:\Users\kalpesh.deore\.m2\repository\com\amazonaws\aws-java-sdk-sqs\1.11.490\aws-java-sdk-sqs-1.11.490.jar;C:\Users\kalpesh.deore\.m2\repository\com\amazonaws\aws-java-sdk-rds\1.11.490\aws-java-sdk-rds-1.11.490.jar;C:\Users\kalpesh.deore\.m2\repository\com\amazonaws\aws-java-sdk-redshift\1.11.490\aws-java-sdk-redshift-1.11.490.jar;C:\Users\kalpesh.deore\.m2\repository\com\amazonaws\aws-java-sdk-elasticbeanstalk\1.11.490\aws-java-sdk-elasticbeanstalk-1.11.490.jar;C:\Users\kalpesh.deore\.m2\repository\com\amazonaws\aws-java-sdk-glacier\1.11.490\aws-java-sdk-glacier-1.11.490.jar;C:\Users\kalpesh.deore\.m2\repository\com\amazonaws\aws-java-sdk-iam\1.11.490\aws-java-sdk-iam-1.11.490.jar;C:\Users\kalpesh.deore\.m2\repository\com\amazonaws\aws-java-sdk-datapipeline\1.11.490\aws-java-sdk-datapipeline-1.11.490.jar;C:\Users\kalpesh.deore\.m2\repository\com\amazonaws\aws-java-sdk-elasticloadbalancing\1.11.490\aws-java-sdk-elasticloadbalancing-1.11.490.jar;C:\Users\kalpesh.deore\.m2\repository\com\amazonaws\aws-java-sdk-elasticloadbalancingv2\1.11.490\aws-java-sdk-elasticloadbalancingv2-1.11.490.jar;C:\Users\kalpesh.deore\.m2\repository\com\amazonaws\aws-java-sdk-emr\1.11.490\aws-java-sdk-emr-1.11.490.jar;C:\Users\kalpesh.deore\.m2\repository\com\amazonaws\aws-java-sdk-elasticache\1.11.490\aws-java-sdk-elasticache-1.11.490.jar;C:\Users\kalpesh.deore\.m2\repository\com\amazonaws\aws-java-sdk-elastictranscoder\1.11.490\aws-java-sdk-elastictranscoder-1.11.490.jar;C:\Users\kalpesh.deore\.m2\repository\com\amazonaws\aws-java-sdk-ec2\1.11.490\aws-java-sdk-ec2-1.11.490.jar;C:\Users\kalpesh.deore\.m2\repository\com\amazonaws\aws-java-sdk-dynamodb\1.11.490\aws-java-sdk-dynamodb-1.11.490.jar;C:\Users\kalpesh.deore\.m2\repository\com\amazonaws\aws-java-sdk-sns\1.11.490\aws-java-sdk-sns-1.11.490.jar;C:\Users\kalpesh.deore\.m2\repository\com\amazonaws\aws-java-sdk-budgets\1.11.490\aws-java-sdk-budgets-1.11.490.jar;C:\Users\kalpesh.deore\.m2\repository\com\amazonaws\aws-java-sdk-cloudtrail\1.11.490\aws-java-sdk-cloudtrail-1.11.490.jar;C:\Users\kalpesh.deore\.m2\repository\com\amazonaws\aws-java-sdk-cloudwatch\1.11.490\aws-java-sdk-cloudwatch-1.11.490.jar;C:\Users\kalpesh.deore\.m2\repository\com\amazonaws\aws-java-sdk-logs\1.11.490\aws-java-sdk-logs-1.11.490.jar;C:\Users\kalpesh.deore\.m2\repository\com\amazonaws\aws-java-sdk-events\1.11.490\aws-java-sdk-events-1.11.490.jar;C:\Users\kalpesh.deore\.m2\repository\com\amazonaws\aws-java-sdk-cognitoidentity\1.11.490\aws-java-sdk-cognitoidentity-1.11.490.jar;C:\Users\kalpesh.deore\.m2\repository\com\amazonaws\aws-java-sdk-cognitosync\1.11.490\aws-java-sdk-cognitosync-1.11.490.jar;C:\Users\kalpesh.deore\.m2\repository\com\amazonaws\aws-java-sdk-directconnect\1.11.490\aws-java-sdk-directconnect-1.11.490.jar;C:\Users\kalpesh.deore\.m2\repository\com\amazonaws\aws-java-sdk-cloudformation\1.11.490\aws-java-sdk-cloudformation-1.11.490.jar;C:\Users\kalpesh.deore\.m2\repository\com\amazonaws\aws-java-sdk-cloudfront\1.11.490\aws-java-sdk-cloudfront-1.11.490.jar;C:\Users\kalpesh.deore\.m2\repository\com\amazonaws\aws-java-sdk-clouddirectory\1.11.490\aws-java-sdk-clouddirectory-1.11.490.jar;C:\Users\kalpesh.deore\.m2\repository\com\amazonaws\aws-java-sdk-kinesis\1.11.490\aws-java-sdk-kinesis-1.11.490.jar;C:\Users\kalpesh.deore\.m2\repository\com\amazonaws\aws-java-sdk-opsworks\1.11.490\aws-java-sdk-opsworks-1.11.490.jar;C:\Users\kalpesh.deore\.m2\repository\com\amazonaws\aws-java-sdk-ses\1.11.490\aws-java-sdk-ses-1.11.490.jar;C:\Users\kalpesh.deore\.m2\repository\com\amazonaws\aws-java-sdk-autoscaling\1.11.490\aws-java-sdk-autoscaling-1.11.490.jar;C:\Users\kalpesh.deore\.m2\repository\com\amazonaws\aws-java-sdk-cloudsearch\1.11.490\aws-java-sdk-cloudsearch-1.11.490.jar;C:\Users\kalpesh.deore\.m2\repository\com\amazonaws\aws-java-sdk-cloudwatchmetrics\1.11.490\aws-java-sdk-cloudwatchmetrics-1.11.490.jar;C:\Users\kalpesh.deore\.m2\repository\com\amazonaws\aws-java-sdk-codedeploy\1.11.490\aws-java-sdk-codedeploy-1.11.490.jar;C:\Users\kalpesh.deore\.m2\repository\com\amazonaws\aws-java-sdk-codepipeline\1.11.490\aws-java-sdk-codepipeline-1.11.490.jar;C:\Users\kalpesh.deore\.m2\repository\com\amazonaws\aws-java-sdk-kms\1.11.490\aws-java-sdk-kms-1.11.490.jar;C:\Users\kalpesh.deore\.m2\repository\com\amazonaws\aws-java-sdk-config\1.11.490\aws-java-sdk-config-1.11.490.jar;C:\Users\kalpesh.deore\.m2\repository\com\amazonaws\aws-java-sdk-lambda\1.11.490\aws-java-sdk-lambda-1.11.490.jar;C:\Users\kalpesh.deore\.m2\repository\com\amazonaws\aws-java-sdk-ecs\1.11.490\aws-java-sdk-ecs-1.11.490.jar;C:\Users\kalpesh.deore\.m2\repository\com\amazonaws\aws-java-sdk-ecr\1.11.490\aws-java-sdk-ecr-1.11.490.jar;C:\Users\kalpesh.deore\.m2\repository\com\amazonaws\aws-java-sdk-cloudhsm\1.11.490\aws-java-sdk-cloudhsm-1.11.490.jar;C:\Users\kalpesh.deore\.m2\repository\com\amazonaws\aws-java-sdk-ssm\1.11.490\aws-java-sdk-ssm-1.11.490.jar;C:\Users\kalpesh.deore\.m2\repository\com\amazonaws\aws-java-sdk-workspaces\1.11.490\aws-java-sdk-workspaces-1.11.490.jar;C:\Users\kalpesh.deore\.m2\repository\com\amazonaws\aws-java-sdk-machinelearning\1.11.490\aws-java-sdk-machinelearning-1.11.490.jar;C:\Users\kalpesh.deore\.m2\repository\com\amazonaws\aws-java-sdk-directory\1.11.490\aws-java-sdk-directory-1.11.490.jar;C:\Users\kalpesh.deore\.m2\repository\com\amazonaws\aws-java-sdk-efs\1.11.490\aws-java-sdk-efs-1.11.490.jar;C:\Users\kalpesh.deore\.m2\repository\com\amazonaws\aws-java-sdk-codecommit\1.11.490\aws-java-sdk-codecommit-1.11.490.jar;C:\Users\kalpesh.deore\.m2\repository\com\amazonaws\aws-java-sdk-devicefarm\1.11.490\aws-java-sdk-devicefarm-1.11.490.jar;C:\Users\kalpesh.deore\.m2\repository\com\amazonaws\aws-java-sdk-elasticsearch\1.11.490\aws-java-sdk-elasticsearch-1.11.490.jar;C:\Users\kalpesh.deore\.m2\repository\com\amazonaws\aws-java-sdk-waf\1.11.490\aws-java-sdk-waf-1.11.490.jar;C:\Users\kalpesh.deore\.m2\repository\com\amazonaws\aws-java-sdk-marketplacecommerceanalytics\1.11.490\aws-java-sdk-marketplacecommerceanalytics-1.11.490.jar;C:\Users\kalpesh.deore\.m2\repository\com\amazonaws\aws-java-sdk-inspector\1.11.490\aws-java-sdk-inspector-1.11.490.jar;C:\Users\kalpesh.deore\.m2\repository\com\amazonaws\aws-java-sdk-iot\1.11.490\aws-java-sdk-iot-1.11.490.jar;C:\Users\kalpesh.deore\.m2\repository\com\amazonaws\aws-java-sdk-api-gateway\1.11.490\aws-java-sdk-api-gateway-1.11.490.jar;C:\Users\kalpesh.deore\.m2\repository\com\amazonaws\aws-java-sdk-acm\1.11.490\aws-java-sdk-acm-1.11.490.jar;C:\Users\kalpesh.deore\.m2\repository\com\amazonaws\aws-java-sdk-gamelift\1.11.490\aws-java-sdk-gamelift-1.11.490.jar;C:\Users\kalpesh.deore\.m2\repository\com\amazonaws\aws-java-sdk-dms\1.11.490\aws-java-sdk-dms-1.11.490.jar;C:\Users\kalpesh.deore\.m2\repository\com\amazonaws\aws-java-sdk-marketplacemeteringservice\1.11.490\aws-java-sdk-marketplacemeteringservice-1.11.490.jar;C:\Users\kalpesh.deore\.m2\repository\com\amazonaws\aws-java-sdk-cognitoidp\1.11.490\aws-java-sdk-cognitoidp-1.11.490.jar;C:\Users\kalpesh.deore\.m2\repository\com\amazonaws\aws-java-sdk-discovery\1.11.490\aws-java-sdk-discovery-1.11.490.jar;C:\Users\kalpesh.deore\.m2\repository\com\amazonaws\aws-java-sdk-applicationautoscaling\1.11.490\aws-java-sdk-applicationautoscaling-1.11.490.jar;C:\Users\kalpesh.deore\.m2\repository\com\amazonaws\aws-java-sdk-snowball\1.11.490\aws-java-sdk-snowball-1.11.490.jar;C:\Users\kalpesh.deore\.m2\repository\com\amazonaws\aws-java-sdk-rekognition\1.11.490\aws-java-sdk-rekognition-1.11.490.jar;C:\Users\kalpesh.deore\.m2\repository\com\amazonaws\aws-java-sdk-polly\1.11.490\aws-java-sdk-polly-1.11.490.jar;C:\Users\kalpesh.deore\.m2\repository\com\amazonaws\aws-java-sdk-lightsail\1.11.490\aws-java-sdk-lightsail-1.11.490.jar;C:\Users\kalpesh.deore\.m2\repository\com\amazonaws\aws-java-sdk-stepfunctions\1.11.490\aws-java-sdk-stepfunctions-1.11.490.jar;C:\Users\kalpesh.deore\.m2\repository\com\amazonaws\aws-java-sdk-health\1.11.490\aws-java-sdk-health-1.11.490.jar;C:\Users\kalpesh.deore\.m2\repository\com\amazonaws\aws-java-sdk-costandusagereport\1.11.490\aws-java-sdk-costandusagereport-1.11.490.jar;C:\Users\kalpesh.deore\.m2\repository\com\amazonaws\aws-java-sdk-codebuild\1.11.490\aws-java-sdk-codebuild-1.11.490.jar;C:\Users\kalpesh.deore\.m2\repository\com\amazonaws\aws-java-sdk-appstream\1.11.490\aws-java-sdk-appstream-1.11.490.jar;C:\Users\kalpesh.deore\.m2\repository\com\amazonaws\aws-java-sdk-shield\1.11.490\aws-java-sdk-shield-1.11.490.jar;C:\Users\kalpesh.deore\.m2\repository\com\amazonaws\aws-java-sdk-batch\1.11.490\aws-java-sdk-batch-1.11.490.jar;C:\Users\kalpesh.deore\.m2\repository\com\amazonaws\aws-java-sdk-lex\1.11.490\aws-java-sdk-lex-1.11.490.jar;C:\Users\kalpesh.deore\.m2\repository\com\amazonaws\aws-java-sdk-mechanicalturkrequester\1.11.490\aws-java-sdk-mechanicalturkrequester-1.11.490.jar;C:\Users\kalpesh.deore\.m2\repository\com\amazonaws\aws-java-sdk-organizations\1.11.490\aws-java-sdk-organizations-1.11.490.jar;C:\Users\kalpesh.deore\.m2\repository\com\amazonaws\aws-java-sdk-workdocs\1.11.490\aws-java-sdk-workdocs-1.11.490.jar;C:\Users\kalpesh.deore\.m2\repository\com\amazonaws\aws-java-sdk-core\1.11.490\aws-java-sdk-core-1.11.490.jar;C:\Users\kalpesh.deore\.m2\repository\software\amazon\ion\ion-java\1.0.2\ion-java-1.0.2.jar;C:\Users\kalpesh.deore\.m2\repository\com\fasterxml\jackson\core\jackson-databind\2.6.7.2\jackson-databind-2.6.7.2.jar;C:\Users\kalpesh.deore\.m2\repository\com\fasterxml\jackson\core\jackson-annotations\2.6.0\jackson-annotations-2.6.0.jar;C:\Users\kalpesh.deore\.m2\repository\com\fasterxml\jackson\core\jackson-core\2.6.7\jackson-core-2.6.7.jar;C:\Users\kalpesh.deore\.m2\repository\com\fasterxml\jackson\dataformat\jackson-dataformat-cbor\2.6.7\jackson-dataformat-cbor-2.6.7.jar;C:\Users\kalpesh.deore\.m2\repository\joda-time\joda-time\2.8.1\joda-time-2.8.1.jar;C:\Users\kalpesh.deore\.m2\repository\com\amazonaws\aws-java-sdk-models\1.11.490\aws-java-sdk-models-1.11.490.jar;C:\Users\kalpesh.deore\.m2\repository\com\amazonaws\aws-java-sdk-swf-libraries\1.11.22\aws-java-sdk-swf-libraries-1.11.22.jar;C:\Users\kalpesh.deore\.m2\repository\com\jayway\jsonpath\json-path\2.4.0\json-path-2.4.0.jar;C:\Users\kalpesh.deore\.m2\repository\net\minidev\json-smart\2.3\json-smart-2.3.jar;C:\Users\kalpesh.deore\.m2\repository\net\minidev\accessors-smart\1.2\accessors-smart-1.2.jar;C:\Users\kalpesh.deore\.m2\repository\org\ow2\asm\asm\5.0.4\asm-5.0.4.jar;"/>
    <property name="sun.cpu.endian" value="little"/>
    <property name="user.home" value="C:\Users\kalpesh.deore"/>
    <property name="user.language" value="en"/>
    <property name="java.specification.vendor" value="Oracle Corporation"/>
    <property name="java.version.date" value="2025-04-15"/>
    <property name="java.home" value="C:\Program Files\Java\jdk-21"/>
    <property name="file.separator" value="\"/>
    <property name="basedir" value="C:\Users\kalpesh.deore\eclipse-workspace\rspl_Automation\rspl_qa_training_certification_r-d"/>
    <property name="java.vm.compressedOopsMode" value="Zero based"/>
    <property name="line.separator" value="&#10;"/>
    <property name="java.vm.specification.vendor" value="Oracle Corporation"/>
    <property name="java.specification.name" value="Java Platform API Specification"/>
    <property name="Environment" value=""/>
    <property name="surefire.real.class.path" value="C:\Users\kalpesh.deore\AppData\Local\Temp\surefire2948662317852984339\surefirebooter-20250811152359588_3.jar"/>
    <property name="Browser" value=""/>
    <property name="user.script" value=""/>
    <property name="sun.management.compiler" value="HotSpot 64-Bit Tiered Compilers"/>
    <property name="java.runtime.version" value="21.0.7+8-LTS-245"/>
    <property name="user.name" value="Kalpesh.Deore"/>
    <property name="stdout.encoding" value="Cp1252"/>
    <property name="path.separator" value=";"/>
    <property name="os.version" value="10.0"/>
    <property name="java.runtime.name" value="Java(TM) SE Runtime Environment"/>
    <property name="file.encoding" value="UTF-8"/>
    <property name="java.vm.name" value="Java HotSpot(TM) 64-Bit Server VM"/>
    <property name="localRepository" value="C:\Users\kalpesh.deore\.m2\repository"/>
    <property name="java.vendor.url.bug" value="https://bugreport.java.com/bugreport/"/>
    <property name="java.io.tmpdir" value="C:\Users\KALPES~1.DEO\AppData\Local\Temp\"/>
    <property name="java.version" value="21.0.7"/>
    <property name="user.dir" value="C:\Users\kalpesh.deore\eclipse-workspace\rspl_Automation\rspl_qa_training_certification_r-d"/>
    <property name="os.arch" value="amd64"/>
    <property name="groups" value=""/>
    <property name="webdriver.chrome.whitelistedIps" value=""/>
    <property name="java.vm.specification.name" value="Java Virtual Machine Specification"/>
    <property name="sun.os.patch.level" value=""/>
    <property name="native.encoding" value="Cp1252"/>
    <property name="java.library.path" value="C:\Program Files\Java\jdk-21\bin;C:\WINDOWS\Sun\Java\bin;C:\WINDOWS\system32;C:\WINDOWS;C:\Program Files\Common Files\Oracle\Java\javapath;C:\WINDOWS\system32;C:\WINDOWS;C:\WINDOWS\System32\Wbem;C:\WINDOWS\System32\WindowsPowerShell\v1.0\;C:\WINDOWS\System32\OpenSSH\;C:\Program Files\Java\jdk-21\bin;C:\Users\kalpesh.deore\Downloads\apache-maven-3.9.10-bin\apache-maven-3.9.10\bin;C:\Program Files\Git\cmd;C:\Users\kalpesh.deore\Downloads\apache-maven-3.9.10-src\bin;C:\Users\kalpesh.deore\allure-2.34.1\bin;C:\Users\kalpesh.deore\AppData\Local\Microsoft\WindowsApps;."/>
    <property name="java.vm.info" value="mixed mode, sharing"/>
    <property name="stderr.encoding" value="Cp1252"/>
    <property name="java.vendor" value="Oracle Corporation"/>
    <property name="java.vm.version" value="21.0.7+8-LTS-245"/>
    <property name="sun.io.unicode.encoding" value="UnicodeLittle"/>
    <property name="java.class.version" value="65.0"/>
  </properties>
  <testcase name="LoginTC[Chrome, sneh.Solanki@rishabhsoft.com, Ss@082025](1)" classname="testCases.LoginTest" time="11.951">
    <system-out><![CDATA[URL is for testing before opening browser:   https://stagaob.rishabhsoft.com/ui/#/login
URL for testing :  https://stagaob.rishabhsoft.com/ui/#/login
15:24:03.152 [main] DEBUG automationEngine.ApplicationSetup - Timeout time set to : = 30
Browser Driver executable downloaded
Started Options
Chrome Prefs enabled
15:24:06.255 [main] DEBUG io.netty.util.internal.logging.InternalLoggerFactory - Using Log4J2 as the default logging framework
15:24:06.278 [main] DEBUG io.netty.util.ResourceLeakDetector - -Dio.netty.leakDetection.level: simple
15:24:06.280 [main] DEBUG io.netty.util.ResourceLeakDetector - -Dio.netty.leakDetection.targetRecords: 4
15:24:06.295 [main] DEBUG io.netty.util.ResourceLeakDetectorFactory - Loaded default ResourceLeakDetector: io.netty.util.ResourceLeakDetector@42cd0fc6
15:24:06.430 [main] DEBUG io.netty.util.internal.PlatformDependent0 - -Dio.netty.noUnsafe: false
15:24:06.431 [main] DEBUG io.netty.util.internal.PlatformDependent0 - Java version: 21
15:24:06.437 [main] DEBUG io.netty.util.internal.PlatformDependent0 - sun.misc.Unsafe.theUnsafe: available
15:24:06.440 [main] DEBUG io.netty.util.internal.PlatformDependent0 - sun.misc.Unsafe.copyMemory: available
15:24:06.442 [main] DEBUG io.netty.util.internal.PlatformDependent0 - sun.misc.Unsafe.storeFence: available
15:24:06.446 [main] DEBUG io.netty.util.internal.PlatformDependent0 - java.nio.Buffer.address: available
15:24:06.447 [main] DEBUG io.netty.util.internal.PlatformDependent0 - direct buffer constructor: unavailable
java.lang.NoSuchMethodException: java.nio.DirectByteBuffer.<init>(long,int)
	at java.base/java.lang.Class.getConstructor0(Class.java:3761) ~[?:?]
	at java.base/java.lang.Class.getDeclaredConstructor(Class.java:2930) ~[?:?]
	at io.netty.util.internal.PlatformDependent0$5.run(PlatformDependent0.java:287) ~[netty-common-4.1.92.Final.jar:4.1.92.Final]
	at java.base/java.security.AccessController.doPrivileged(AccessController.java:319) ~[?:?]
	at io.netty.util.internal.PlatformDependent0.<clinit>(PlatformDependent0.java:282) [netty-common-4.1.92.Final.jar:4.1.92.Final]
	at io.netty.util.internal.PlatformDependent.isAndroid(PlatformDependent.java:333) [netty-common-4.1.92.Final.jar:4.1.92.Final]
	at io.netty.util.internal.PlatformDependent.<clinit>(PlatformDependent.java:88) [netty-common-4.1.92.Final.jar:4.1.92.Final]
	at io.netty.util.HashedWheelTimer.<init>(HashedWheelTimer.java:114) [netty-common-4.1.92.Final.jar:4.1.92.Final]
	at io.netty.util.HashedWheelTimer.<init>(HashedWheelTimer.java:251) [netty-common-4.1.92.Final.jar:4.1.92.Final]
	at io.netty.util.HashedWheelTimer.<init>(HashedWheelTimer.java:224) [netty-common-4.1.92.Final.jar:4.1.92.Final]
	at io.netty.util.HashedWheelTimer.<init>(HashedWheelTimer.java:203) [netty-common-4.1.92.Final.jar:4.1.92.Final]
	at org.asynchttpclient.DefaultAsyncHttpClient.newNettyTimer(DefaultAsyncHttpClient.java:111) [async-http-client-2.12.3.jar:?]
	at org.asynchttpclient.DefaultAsyncHttpClient.<init>(DefaultAsyncHttpClient.java:90) [async-http-client-2.12.3.jar:?]
	at org.asynchttpclient.Dsl.asyncHttpClient(Dsl.java:32) [async-http-client-2.12.3.jar:?]
	at org.openqa.selenium.remote.http.netty.NettyClient.createHttpClient(NettyClient.java:91) [selenium-remote-driver-4.11.0.jar:?]
	at org.openqa.selenium.remote.http.netty.NettyClient.<clinit>(NettyClient.java:43) [selenium-remote-driver-4.11.0.jar:?]
	at org.openqa.selenium.remote.http.netty.NettyClient$Factory.createClient(NettyClient.java:124) [selenium-remote-driver-4.11.0.jar:?]
	at org.openqa.selenium.remote.HttpCommandExecutor.<init>(HttpCommandExecutor.java:115) [selenium-remote-driver-4.11.0.jar:?]
	at org.openqa.selenium.remote.HttpCommandExecutor.<init>(HttpCommandExecutor.java:92) [selenium-remote-driver-4.11.0.jar:?]
	at org.openqa.selenium.remote.service.DriverCommandExecutor.<init>(DriverCommandExecutor.java:89) [selenium-remote-driver-4.11.0.jar:?]
	at org.openqa.selenium.chromium.ChromiumDriverCommandExecutor.<init>(ChromiumDriverCommandExecutor.java:43) [selenium-chromium-driver-4.11.0.jar:?]
	at org.openqa.selenium.chrome.ChromeDriver$ChromeDriverCommandExecutor.<init>(ChromeDriver.java:115) [selenium-chrome-driver-4.11.0.jar:?]
	at org.openqa.selenium.chrome.ChromeDriver.generateExecutor(ChromeDriver.java:105) [selenium-chrome-driver-4.11.0.jar:?]
	at org.openqa.selenium.chrome.ChromeDriver.<init>(ChromeDriver.java:88) [selenium-chrome-driver-4.11.0.jar:?]
	at org.openqa.selenium.chrome.ChromeDriver.<init>(ChromeDriver.java:83) [selenium-chrome-driver-4.11.0.jar:?]
	at org.openqa.selenium.chrome.ChromeDriver.<init>(ChromeDriver.java:72) [selenium-chrome-driver-4.11.0.jar:?]
	at automationEngine.ApplicationSetup.startBrowser(ApplicationSetup.java:194) [classes/:?]
	at automationEngine.ApplicationSetup.init(ApplicationSetup.java:102) [classes/:?]
	at java.base/jdk.internal.reflect.DirectMethodHandleAccessor.invoke(DirectMethodHandleAccessor.java:103) ~[?:?]
	at java.base/java.lang.reflect.Method.invoke(Method.java:580) ~[?:?]
	at org.testng.internal.MethodInvocationHelper.invokeMethod(MethodInvocationHelper.java:134) [testng-7.1.0.jar:?]
	at org.testng.internal.MethodInvocationHelper.invokeMethodConsideringTimeout(MethodInvocationHelper.java:63) [testng-7.1.0.jar:?]
	at org.testng.internal.ConfigInvoker.invokeConfigurationMethod(ConfigInvoker.java:348) [testng-7.1.0.jar:?]
	at org.testng.internal.ConfigInvoker.invokeConfigurations(ConfigInvoker.java:302) [testng-7.1.0.jar:?]
	at org.testng.TestRunner.invokeTestConfigurations(TestRunner.java:619) [testng-7.1.0.jar:?]
	at org.testng.TestRunner.beforeRun(TestRunner.java:609) [testng-7.1.0.jar:?]
	at org.testng.TestRunner.run(TestRunner.java:580) [testng-7.1.0.jar:?]
	at org.testng.SuiteRunner.runTest(SuiteRunner.java:384) [testng-7.1.0.jar:?]
	at org.testng.SuiteRunner.runSequentially(SuiteRunner.java:378) [testng-7.1.0.jar:?]
	at org.testng.SuiteRunner.privateRun(SuiteRunner.java:337) [testng-7.1.0.jar:?]
	at org.testng.SuiteRunner.run(SuiteRunner.java:286) [testng-7.1.0.jar:?]
	at org.testng.SuiteRunnerWorker.runSuite(SuiteRunnerWorker.java:53) [testng-7.1.0.jar:?]
	at org.testng.SuiteRunnerWorker.run(SuiteRunnerWorker.java:96) [testng-7.1.0.jar:?]
	at org.testng.TestNG.runSuitesSequentially(TestNG.java:1187) [testng-7.1.0.jar:?]
	at org.testng.TestNG.runSuitesLocally(TestNG.java:1109) [testng-7.1.0.jar:?]
	at org.testng.TestNG.runSuites(TestNG.java:1039) [testng-7.1.0.jar:?]
	at org.testng.TestNG.run(TestNG.java:1007) [testng-7.1.0.jar:?]
	at org.apache.maven.surefire.testng.TestNGExecutor.run(TestNGExecutor.java:308) [surefire-testng-3.5.3.jar:3.5.3]
	at org.apache.maven.surefire.testng.TestNGXmlTestSuite.execute(TestNGXmlTestSuite.java:71) [surefire-testng-3.5.3.jar:3.5.3]
	at org.apache.maven.surefire.testng.TestNGProvider.invoke(TestNGProvider.java:113) [surefire-testng-3.5.3.jar:3.5.3]
	at org.apache.maven.surefire.booter.ForkedBooter.runSuitesInProcess(ForkedBooter.java:385) [surefire-booter-3.5.3.jar:3.5.3]
	at org.apache.maven.surefire.booter.ForkedBooter.execute(ForkedBooter.java:162) [surefire-booter-3.5.3.jar:3.5.3]
	at org.apache.maven.surefire.booter.ForkedBooter.run(ForkedBooter.java:507) [surefire-booter-3.5.3.jar:3.5.3]
	at org.apache.maven.surefire.booter.ForkedBooter.main(ForkedBooter.java:495) [surefire-booter-3.5.3.jar:3.5.3]
15:24:06.477 [main] DEBUG io.netty.util.internal.PlatformDependent0 - java.nio.Bits.unaligned: available, true
15:24:06.482 [main] DEBUG io.netty.util.internal.PlatformDependent0 - jdk.internal.misc.Unsafe.allocateUninitializedArray(int): unavailable
java.lang.IllegalAccessException: class io.netty.util.internal.PlatformDependent0$7 cannot access class jdk.internal.misc.Unsafe (in module java.base) because module java.base does not export jdk.internal.misc to unnamed module @6ea12c19
	at java.base/jdk.internal.reflect.Reflection.newIllegalAccessException(Reflection.java:394) ~[?:?]
	at java.base/java.lang.reflect.AccessibleObject.checkAccess(AccessibleObject.java:714) ~[?:?]
	at java.base/java.lang.reflect.Method.invoke(Method.java:571) ~[?:?]
	at io.netty.util.internal.PlatformDependent0$7.run(PlatformDependent0.java:410) ~[netty-common-4.1.92.Final.jar:4.1.92.Final]
	at java.base/java.security.AccessController.doPrivileged(AccessController.java:319) ~[?:?]
	at io.netty.util.internal.PlatformDependent0.<clinit>(PlatformDependent0.java:401) [netty-common-4.1.92.Final.jar:4.1.92.Final]
	at io.netty.util.internal.PlatformDependent.isAndroid(PlatformDependent.java:333) [netty-common-4.1.92.Final.jar:4.1.92.Final]
	at io.netty.util.internal.PlatformDependent.<clinit>(PlatformDependent.java:88) [netty-common-4.1.92.Final.jar:4.1.92.Final]
	at io.netty.util.HashedWheelTimer.<init>(HashedWheelTimer.java:114) [netty-common-4.1.92.Final.jar:4.1.92.Final]
	at io.netty.util.HashedWheelTimer.<init>(HashedWheelTimer.java:251) [netty-common-4.1.92.Final.jar:4.1.92.Final]
	at io.netty.util.HashedWheelTimer.<init>(HashedWheelTimer.java:224) [netty-common-4.1.92.Final.jar:4.1.92.Final]
	at io.netty.util.HashedWheelTimer.<init>(HashedWheelTimer.java:203) [netty-common-4.1.92.Final.jar:4.1.92.Final]
	at org.asynchttpclient.DefaultAsyncHttpClient.newNettyTimer(DefaultAsyncHttpClient.java:111) [async-http-client-2.12.3.jar:?]
	at org.asynchttpclient.DefaultAsyncHttpClient.<init>(DefaultAsyncHttpClient.java:90) [async-http-client-2.12.3.jar:?]
	at org.asynchttpclient.Dsl.asyncHttpClient(Dsl.java:32) [async-http-client-2.12.3.jar:?]
	at org.openqa.selenium.remote.http.netty.NettyClient.createHttpClient(NettyClient.java:91) [selenium-remote-driver-4.11.0.jar:?]
	at org.openqa.selenium.remote.http.netty.NettyClient.<clinit>(NettyClient.java:43) [selenium-remote-driver-4.11.0.jar:?]
	at org.openqa.selenium.remote.http.netty.NettyClient$Factory.createClient(NettyClient.java:124) [selenium-remote-driver-4.11.0.jar:?]
	at org.openqa.selenium.remote.HttpCommandExecutor.<init>(HttpCommandExecutor.java:115) [selenium-remote-driver-4.11.0.jar:?]
	at org.openqa.selenium.remote.HttpCommandExecutor.<init>(HttpCommandExecutor.java:92) [selenium-remote-driver-4.11.0.jar:?]
	at org.openqa.selenium.remote.service.DriverCommandExecutor.<init>(DriverCommandExecutor.java:89) [selenium-remote-driver-4.11.0.jar:?]
	at org.openqa.selenium.chromium.ChromiumDriverCommandExecutor.<init>(ChromiumDriverCommandExecutor.java:43) [selenium-chromium-driver-4.11.0.jar:?]
	at org.openqa.selenium.chrome.ChromeDriver$ChromeDriverCommandExecutor.<init>(ChromeDriver.java:115) [selenium-chrome-driver-4.11.0.jar:?]
	at org.openqa.selenium.chrome.ChromeDriver.generateExecutor(ChromeDriver.java:105) [selenium-chrome-driver-4.11.0.jar:?]
	at org.openqa.selenium.chrome.ChromeDriver.<init>(ChromeDriver.java:88) [selenium-chrome-driver-4.11.0.jar:?]
	at org.openqa.selenium.chrome.ChromeDriver.<init>(ChromeDriver.java:83) [selenium-chrome-driver-4.11.0.jar:?]
	at org.openqa.selenium.chrome.ChromeDriver.<init>(ChromeDriver.java:72) [selenium-chrome-driver-4.11.0.jar:?]
	at automationEngine.ApplicationSetup.startBrowser(ApplicationSetup.java:194) [classes/:?]
	at automationEngine.ApplicationSetup.init(ApplicationSetup.java:102) [classes/:?]
	at java.base/jdk.internal.reflect.DirectMethodHandleAccessor.invoke(DirectMethodHandleAccessor.java:103) ~[?:?]
	at java.base/java.lang.reflect.Method.invoke(Method.java:580) ~[?:?]
	at org.testng.internal.MethodInvocationHelper.invokeMethod(MethodInvocationHelper.java:134) [testng-7.1.0.jar:?]
	at org.testng.internal.MethodInvocationHelper.invokeMethodConsideringTimeout(MethodInvocationHelper.java:63) [testng-7.1.0.jar:?]
	at org.testng.internal.ConfigInvoker.invokeConfigurationMethod(ConfigInvoker.java:348) [testng-7.1.0.jar:?]
	at org.testng.internal.ConfigInvoker.invokeConfigurations(ConfigInvoker.java:302) [testng-7.1.0.jar:?]
	at org.testng.TestRunner.invokeTestConfigurations(TestRunner.java:619) [testng-7.1.0.jar:?]
	at org.testng.TestRunner.beforeRun(TestRunner.java:609) [testng-7.1.0.jar:?]
	at org.testng.TestRunner.run(TestRunner.java:580) [testng-7.1.0.jar:?]
	at org.testng.SuiteRunner.runTest(SuiteRunner.java:384) [testng-7.1.0.jar:?]
	at org.testng.SuiteRunner.runSequentially(SuiteRunner.java:378) [testng-7.1.0.jar:?]
	at org.testng.SuiteRunner.privateRun(SuiteRunner.java:337) [testng-7.1.0.jar:?]
	at org.testng.SuiteRunner.run(SuiteRunner.java:286) [testng-7.1.0.jar:?]
	at org.testng.SuiteRunnerWorker.runSuite(SuiteRunnerWorker.java:53) [testng-7.1.0.jar:?]
	at org.testng.SuiteRunnerWorker.run(SuiteRunnerWorker.java:96) [testng-7.1.0.jar:?]
	at org.testng.TestNG.runSuitesSequentially(TestNG.java:1187) [testng-7.1.0.jar:?]
	at org.testng.TestNG.runSuitesLocally(TestNG.java:1109) [testng-7.1.0.jar:?]
	at org.testng.TestNG.runSuites(TestNG.java:1039) [testng-7.1.0.jar:?]
	at org.testng.TestNG.run(TestNG.java:1007) [testng-7.1.0.jar:?]
	at org.apache.maven.surefire.testng.TestNGExecutor.run(TestNGExecutor.java:308) [surefire-testng-3.5.3.jar:3.5.3]
	at org.apache.maven.surefire.testng.TestNGXmlTestSuite.execute(TestNGXmlTestSuite.java:71) [surefire-testng-3.5.3.jar:3.5.3]
	at org.apache.maven.surefire.testng.TestNGProvider.invoke(TestNGProvider.java:113) [surefire-testng-3.5.3.jar:3.5.3]
	at org.apache.maven.surefire.booter.ForkedBooter.runSuitesInProcess(ForkedBooter.java:385) [surefire-booter-3.5.3.jar:3.5.3]
	at org.apache.maven.surefire.booter.ForkedBooter.execute(ForkedBooter.java:162) [surefire-booter-3.5.3.jar:3.5.3]
	at org.apache.maven.surefire.booter.ForkedBooter.run(ForkedBooter.java:507) [surefire-booter-3.5.3.jar:3.5.3]
	at org.apache.maven.surefire.booter.ForkedBooter.main(ForkedBooter.java:495) [surefire-booter-3.5.3.jar:3.5.3]
15:24:06.485 [main] DEBUG io.netty.util.internal.PlatformDependent0 - java.nio.DirectByteBuffer.<init>(long, int): unavailable
15:24:06.485 [main] DEBUG io.netty.util.internal.PlatformDependent - sun.misc.Unsafe: available
15:24:06.487 [main] DEBUG io.netty.util.internal.PlatformDependent - maxDirectMemory: 4200595456 bytes (maybe)
15:24:06.488 [main] DEBUG io.netty.util.internal.PlatformDependent - -Dio.netty.tmpdir: C:\Users\KALPES~1.DEO\AppData\Local\Temp (java.io.tmpdir)
15:24:06.489 [main] DEBUG io.netty.util.internal.PlatformDependent - -Dio.netty.bitMode: 64 (sun.arch.data.model)
15:24:06.489 [main] DEBUG io.netty.util.internal.PlatformDependent - Platform: Windows
15:24:06.493 [main] DEBUG io.netty.util.internal.PlatformDependent - -Dio.netty.maxDirectMemory: -1 bytes
15:24:06.494 [main] DEBUG io.netty.util.internal.PlatformDependent - -Dio.netty.uninitializedArrayAllocationThreshold: -1
15:24:06.499 [main] DEBUG io.netty.util.internal.CleanerJava9 - java.nio.ByteBuffer.cleaner(): available
15:24:06.500 [main] DEBUG io.netty.util.internal.PlatformDependent - -Dio.netty.noPreferDirect: false
15:24:06.553 [main] DEBUG io.netty.util.internal.PlatformDependent - org.jctools-core.MpscChunkedArrayQueue: available
15:24:06.656 [main] DEBUG io.netty.util.internal.InternalThreadLocalMap - -Dio.netty.threadLocalMap.stringBuilder.initialSize: 1024
15:24:06.657 [main] DEBUG io.netty.util.internal.InternalThreadLocalMap - -Dio.netty.threadLocalMap.stringBuilder.maxSize: 4096
15:24:06.725 [main] DEBUG io.netty.handler.ssl.JdkSslContext - Default protocols (JDK): [TLSv1.2, TLSv1.1, TLSv1] 
15:24:06.726 [main] DEBUG io.netty.handler.ssl.JdkSslContext - Default cipher suites (JDK): [TLS_ECDHE_ECDSA_WITH_AES_256_GCM_SHA384, TLS_ECDHE_ECDSA_WITH_AES_128_GCM_SHA256, TLS_ECDHE_RSA_WITH_AES_128_GCM_SHA256, TLS_ECDHE_RSA_WITH_AES_128_CBC_SHA, TLS_ECDHE_RSA_WITH_AES_256_CBC_SHA, TLS_RSA_WITH_AES_128_GCM_SHA256, TLS_RSA_WITH_AES_128_CBC_SHA, TLS_RSA_WITH_AES_256_CBC_SHA]
15:24:06.798 [main] DEBUG io.netty.util.concurrent.GlobalEventExecutor - -Dio.netty.globalEventExecutor.quietPeriodSeconds: 1
15:24:06.874 [main] DEBUG io.netty.channel.MultithreadEventLoopGroup - -Dio.netty.eventLoopThreads: 24
15:24:06.919 [main] DEBUG io.netty.channel.nio.NioEventLoop - -Dio.netty.noKeySetOptimization: false
15:24:06.919 [main] DEBUG io.netty.channel.nio.NioEventLoop - -Dio.netty.selectorAutoRebuildThreshold: 512
15:24:06.979 [main] TRACE io.netty.channel.nio.NioEventLoop - instrumented a special java.util.Set into: sun.nio.ch.WEPollSelectorImpl@6ae32ff0
15:24:06.988 [main] TRACE io.netty.channel.nio.NioEventLoop - instrumented a special java.util.Set into: sun.nio.ch.WEPollSelectorImpl@102aa5fc
15:24:06.997 [main] TRACE io.netty.channel.nio.NioEventLoop - instrumented a special java.util.Set into: sun.nio.ch.WEPollSelectorImpl@36885319
15:24:07.006 [main] TRACE io.netty.channel.nio.NioEventLoop - instrumented a special java.util.Set into: sun.nio.ch.WEPollSelectorImpl@62a81453
15:24:07.014 [main] TRACE io.netty.channel.nio.NioEventLoop - instrumented a special java.util.Set into: sun.nio.ch.WEPollSelectorImpl@4bab804f
15:24:07.024 [main] TRACE io.netty.channel.nio.NioEventLoop - instrumented a special java.util.Set into: sun.nio.ch.WEPollSelectorImpl@eebd983
15:24:07.032 [main] TRACE io.netty.channel.nio.NioEventLoop - instrumented a special java.util.Set into: sun.nio.ch.WEPollSelectorImpl@7a0f43dc
15:24:07.042 [main] TRACE io.netty.channel.nio.NioEventLoop - instrumented a special java.util.Set into: sun.nio.ch.WEPollSelectorImpl@58a7ca42
15:24:07.046 [main] TRACE io.netty.channel.nio.NioEventLoop - instrumented a special java.util.Set into: sun.nio.ch.WEPollSelectorImpl@4f9980e1
15:24:07.057 [main] TRACE io.netty.channel.nio.NioEventLoop - instrumented a special java.util.Set into: sun.nio.ch.WEPollSelectorImpl@1f6e6f50
15:24:07.064 [main] TRACE io.netty.channel.nio.NioEventLoop - instrumented a special java.util.Set into: sun.nio.ch.WEPollSelectorImpl@1f7fcec2
15:24:07.073 [main] TRACE io.netty.channel.nio.NioEventLoop - instrumented a special java.util.Set into: sun.nio.ch.WEPollSelectorImpl@796cf2b5
15:24:07.077 [main] TRACE io.netty.channel.nio.NioEventLoop - instrumented a special java.util.Set into: sun.nio.ch.WEPollSelectorImpl@7a71ebf1
15:24:07.085 [main] TRACE io.netty.channel.nio.NioEventLoop - instrumented a special java.util.Set into: sun.nio.ch.WEPollSelectorImpl@16890f00
15:24:07.094 [main] TRACE io.netty.channel.nio.NioEventLoop - instrumented a special java.util.Set into: sun.nio.ch.WEPollSelectorImpl@77e1dacd
15:24:07.104 [main] TRACE io.netty.channel.nio.NioEventLoop - instrumented a special java.util.Set into: sun.nio.ch.WEPollSelectorImpl@690677de
15:24:07.113 [main] TRACE io.netty.channel.nio.NioEventLoop - instrumented a special java.util.Set into: sun.nio.ch.WEPollSelectorImpl@1c5d376c
15:24:07.122 [main] TRACE io.netty.channel.nio.NioEventLoop - instrumented a special java.util.Set into: sun.nio.ch.WEPollSelectorImpl@42f2cae8
15:24:07.132 [main] TRACE io.netty.channel.nio.NioEventLoop - instrumented a special java.util.Set into: sun.nio.ch.WEPollSelectorImpl@3bbc47c9
15:24:07.142 [main] TRACE io.netty.channel.nio.NioEventLoop - instrumented a special java.util.Set into: sun.nio.ch.WEPollSelectorImpl@615e7fe7
15:24:07.151 [main] TRACE io.netty.channel.nio.NioEventLoop - instrumented a special java.util.Set into: sun.nio.ch.WEPollSelectorImpl@144dc2f7
15:24:07.158 [main] TRACE io.netty.channel.nio.NioEventLoop - instrumented a special java.util.Set into: sun.nio.ch.WEPollSelectorImpl@403cff1c
15:24:07.167 [main] TRACE io.netty.channel.nio.NioEventLoop - instrumented a special java.util.Set into: sun.nio.ch.WEPollSelectorImpl@19677add
15:24:07.174 [main] TRACE io.netty.channel.nio.NioEventLoop - instrumented a special java.util.Set into: sun.nio.ch.WEPollSelectorImpl@b548f51
15:24:07.307 [main] DEBUG io.netty.buffer.PooledByteBufAllocator - -Dio.netty.allocator.numHeapArenas: 24
15:24:07.308 [main] DEBUG io.netty.buffer.PooledByteBufAllocator - -Dio.netty.allocator.numDirectArenas: 24
15:24:07.309 [main] DEBUG io.netty.buffer.PooledByteBufAllocator - -Dio.netty.allocator.pageSize: 8192
15:24:07.309 [main] DEBUG io.netty.buffer.PooledByteBufAllocator - -Dio.netty.allocator.maxOrder: 9
15:24:07.309 [main] DEBUG io.netty.buffer.PooledByteBufAllocator - -Dio.netty.allocator.chunkSize: 4194304
15:24:07.310 [main] DEBUG io.netty.buffer.PooledByteBufAllocator - -Dio.netty.allocator.smallCacheSize: 256
15:24:07.311 [main] DEBUG io.netty.buffer.PooledByteBufAllocator - -Dio.netty.allocator.normalCacheSize: 64
15:24:07.311 [main] DEBUG io.netty.buffer.PooledByteBufAllocator - -Dio.netty.allocator.maxCachedBufferCapacity: 32768
15:24:07.311 [main] DEBUG io.netty.buffer.PooledByteBufAllocator - -Dio.netty.allocator.cacheTrimInterval: 8192
15:24:07.311 [main] DEBUG io.netty.buffer.PooledByteBufAllocator - -Dio.netty.allocator.cacheTrimIntervalMillis: 0
15:24:07.312 [main] DEBUG io.netty.buffer.PooledByteBufAllocator - -Dio.netty.allocator.useCacheForAllThreads: false
15:24:07.312 [main] DEBUG io.netty.buffer.PooledByteBufAllocator - -Dio.netty.allocator.maxCachedByteBuffersPerChunk: 1023
15:24:07.354 [main] DEBUG io.netty.buffer.ByteBufUtil - -Dio.netty.allocator.type: pooled
15:24:07.356 [main] DEBUG io.netty.buffer.ByteBufUtil - -Dio.netty.threadLocalDirectBufferSize: 0
15:24:07.357 [main] DEBUG io.netty.buffer.ByteBufUtil - -Dio.netty.maxThreadLocalCharBufferSize: 16384
15:24:08.315 [Forwarding newSession on session null to remote] DEBUG io.netty.channel.DefaultChannelId - -Dio.netty.processId: 25632 (auto-detected)
15:24:08.324 [Forwarding newSession on session null to remote] DEBUG io.netty.util.NetUtil - -Djava.net.preferIPv4Stack: false
15:24:08.325 [Forwarding newSession on session null to remote] DEBUG io.netty.util.NetUtil - -Djava.net.preferIPv6Addresses: false
15:24:08.337 [Forwarding newSession on session null to remote] DEBUG io.netty.util.NetUtilInitializations - Loopback interface: loopback_0 (Software Loopback Interface 1, 0:0:0:0:0:0:0:1)
15:24:08.341 [Forwarding newSession on session null to remote] DEBUG io.netty.util.NetUtil - Failed to get SOMAXCONN from sysctl and file \proc\sys\net\core\somaxconn. Default: 200
15:24:08.348 [Forwarding newSession on session null to remote] DEBUG io.netty.channel.DefaultChannelId - -Dio.netty.machineId: 7c:4d:8f:ff:fe:a8:46:60 (auto-detected)
15:24:08.548 [AsyncHttpClient-1-2] DEBUG io.netty.buffer.AbstractByteBuf - -Dio.netty.buffer.checkAccessible: true
15:24:08.549 [AsyncHttpClient-1-2] DEBUG io.netty.buffer.AbstractByteBuf - -Dio.netty.buffer.checkBounds: true
15:24:08.550 [AsyncHttpClient-1-2] DEBUG io.netty.util.ResourceLeakDetectorFactory - Loaded default ResourceLeakDetector: io.netty.util.ResourceLeakDetector@12b1948
15:24:08.646 [AsyncHttpClient-1-2] DEBUG io.netty.util.Recycler - -Dio.netty.recycler.maxCapacityPerThread: 4096
15:24:08.647 [AsyncHttpClient-1-2] DEBUG io.netty.util.Recycler - -Dio.netty.recycler.ratio: 8
15:24:08.647 [AsyncHttpClient-1-2] DEBUG io.netty.util.Recycler - -Dio.netty.recycler.chunkSize: 32
15:24:08.648 [AsyncHttpClient-1-2] DEBUG io.netty.util.Recycler - -Dio.netty.recycler.blocking: false
15:24:08.648 [AsyncHttpClient-1-2] DEBUG io.netty.util.Recycler - -Dio.netty.recycler.batchFastThreadLocalOnly: true
15:24:09.400 [AsyncHttpClient-1-2] DEBUG io.netty.handler.codec.compression.Brotli - brotli4j not in the classpath; Brotli support will be unavailable.
15:24:09.765 [main] DEBUG io.netty.util.internal.ThreadLocalRandom - -Dio.netty.initialSeedUniquifier: 0xba0c3356b9931efd
Browser Launched
15:24:13.728 [main] DEBUG utilities.CommonMethods - Object is Visible/Enabled: By.xpath: //span[@class='mat-mdc-button-touch-target']
15:24:14.737 [main] DEBUG utilities.CommonMethods - Clicking on element with locator: By.xpath: //span[@class='mat-mdc-button-touch-target']
15:24:16.927 [main] DEBUG utilities.CommonMethods - Object is Visible/Enabled: By.xpath: //input[@type='email']
15:24:17.937 [main] DEBUG utilities.CommonMethods - Setting text <sneh.Solanki@rishabhsoft.com> in field with locator: By.xpath: //input[@type='email']
sneh.Solanki@rishabhsoft.com
15:24:18.604 [main] DEBUG utilities.CommonMethods - Object is Visible/Enabled: By.xpath: //input[@type='submit']
15:24:18.619 [main] DEBUG utilities.CommonMethods - Clicking on element with locator: By.xpath: //input[@type='submit']
15:24:20.404 [main] DEBUG utilities.CommonMethods - Object is Visible/Enabled: By.xpath: //input[@type='password']
15:24:20.587 [main] DEBUG utilities.CommonMethods - Setting text <Ss@082025> in field with locator: By.xpath: //input[@type='password']
Ss@082025
15:24:21.131 [main] DEBUG utilities.CommonMethods - Object is Visible/Enabled: By.xpath: //input[@type='submit']
15:24:21.578 [main] DEBUG utilities.CommonMethods - Clicking on element with locator: By.xpath: //input[@type='submit']
15:24:22.775 [main] DEBUG utilities.CommonMethods - Object is Visible/Enabled: By.xpath: //input[@type='checkbox']
15:24:22.788 [main] DEBUG utilities.CommonMethods - Clicking on element with locator: By.xpath: //input[@type='checkbox']
15:24:23.961 [main] DEBUG utilities.CommonMethods - Object is Visible/Enabled: By.id: idSIButton9
15:24:24.899 [main] DEBUG utilities.CommonMethods - Clicking on element with locator: By.id: idSIButton9
CheckBox Selected
https://login.microsoftonline.com/favicon.ico - Failed to load resource: the server responded with a status of 404 ()
]]></system-out>
    <system-err><![CDATA[SLF4J: No SLF4J providers were found.
SLF4J: Defaulting to no-operation (NOP) logger implementation
SLF4J: See https://www.slf4j.org/codes.html#noProviders for further details.
Aug 11, 2025 3:24:09 PM org.openqa.selenium.devtools.CdpVersionFinder findNearestMatch
WARNING: Unable to find CDP implementation matching 138
Aug 11, 2025 3:24:09 PM org.openqa.selenium.chromium.ChromiumDriver lambda$new$5
WARNING: Unable to find version of CDP to use for 138.0.7204.184. You may need to include a dependency on a specific version of the CDP using something similar to `org.seleniumhq.selenium:selenium-devtools-v86:4.11.0` where the version ("v86") matches the version of the chromium-based browser you're using and the version number of the artifact is the same as Selenium's.
log4j:WARN No appenders could be found for logger (utilities.ExtentReportBuilder).
log4j:WARN Please initialize the log4j system properly.
log4j:WARN See http://logging.apache.org/log4j/1.2/faq.html#noconfig for more info.
]]></system-err>
  </testcase>
  <testcase name="verifyHODUserCanTagResource[CuraMind AI Patient Monitoring System](1)" classname="testCases.VerifyHODUserTagsResource" time="7.508">
    <system-out><![CDATA[15:24:25.821 [main] DEBUG utilities.CommonMethods - Object is Visible/Enabled: By.xpath: //span[text()='Operations']/ancestor::mat-list-item
15:24:25.836 [main] DEBUG utilities.CommonMethods - Clicking on element with locator: By.xpath: //span[text()='Operations']/ancestor::mat-list-item
15:24:26.119 [main] DEBUG utilities.CommonMethods - Object is Visible/Enabled: By.xpath: //span[contains(@class,'app-menu__label') and text()='Opportunity Tracker']
15:24:26.130 [main] DEBUG utilities.CommonMethods - Clicking on element with locator: By.xpath: //span[contains(@class,'app-menu__label') and text()='Opportunity Tracker']
15:24:27.117 [main] DEBUG utilities.CommonMethods - Object is Visible/Enabled: By.xpath: //input[contains(@placeholder,'Search')]
15:24:27.613 [main] DEBUG utilities.CommonMethods - Setting text <CuraMind AI Patient Monitoring System> in field with locator: By.xpath: //input[contains(@placeholder,'Search')]
15:24:28.548 [main] DEBUG utilities.CommonMethods - Object is Visible/Enabled: By.xpath: //td[contains(text(),'CuraMind AI Patient Monitoring System')]//ancestor::tr//span[text()='Tag Resources']
15:24:28.567 [main] DEBUG utilities.CommonMethods - Clicking on element with locator: By.xpath: //td[contains(text(),'CuraMind AI Patient Monitoring System')]//ancestor::tr//span[text()='Tag Resources']
JSButtonClick: Element clicked via JavaScript.
15:24:31.572 [main] DEBUG utilities.CommonMethods - Object is Visible/Enabled: By.xpath: //div[@role='menu']//following::input[@placeholder='Search']
15:24:31.767 [main] DEBUG utilities.CommonMethods - Setting text <hiten> in field with locator: By.xpath: //div[@role='menu']//following::input[@placeholder='Search']
15:24:32.295 [main] DEBUG utilities.CommonMethods - Object is Visible/Enabled: By.xpath: //input[@type='number']
15:24:32.508 [main] DEBUG utilities.CommonMethods - Setting text <2> in field with locator: By.xpath: //input[@type='number']
15:24:32.762 [main] DEBUG utilities.CommonMethods - Object is Visible/Enabled: By.xpath: //button[normalize-space()='Confirm']
15:24:32.797 [main] DEBUG utilities.CommonMethods - Clicking on element with locator: By.xpath: //button[normalize-space()='Confirm']
Waited till button clickable
Clicked on submit button
]]></system-out>
  </testcase>
</testsuite>