<?xml version="1.0" encoding="UTF-8"?>
<!-- Generated by org.testng.reporters.JUnitReportReporter -->
<testsuite hostname="RSPLLT763" failures="0" tests="1" name="testCases.LoginTest" time="12.124" errors="0" timestamp="2025-08-11T14:39:30 IST" skipped="0">
  <testcase classname="testCases.LoginTest" name="LoginTC" time="12.124"/>
  <system-out/>
</testsuite> <!-- testCases.LoginTest -->
