<?xml version="1.0" encoding="UTF-8"?>
<!-- Generated by org.testng.reporters.JUnitReportReporter -->
<testsuite hostname="RSPLLT763" failures="0" tests="1" name="testCases.LoginTest" time="12.715" errors="0" timestamp="2025-08-05T11:42:51 IST" skipped="0">
  <testcase classname="testCases.LoginTest" name="LoginTC" time="12.715"/>
  <system-out/>
</testsuite> <!-- testCases.LoginTest -->
